{"/Users/maxmeijer/repos/kudos-frontend/src/App.tsx": {"path":"/Users/maxmeijer/repos/kudos-frontend/src/App.tsx","statementMap":{"0":{"start":{"line":22,"column":21},"end":{"line":24,"column":1}},"1":{"start":{"line":23,"column":2},"end":{"line":23,"column":100}},"2":{"start":{"line":27,"column":2},"end":{"line":61,"column":4}}},"fnMap":{"0":{"name":"(anonymous_0)","decl":{"start":{"line":22,"column":21},"end":{"line":22,"column":22}},"loc":{"start":{"line":23,"column":2},"end":{"line":23,"column":100}},"line":23},"1":{"name":"App","decl":{"start":{"line":26,"column":9},"end":{"line":26,"column":12}},"loc":{"start":{"line":26,"column":15},"end":{"line":62,"column":1}},"line":26}},"branchMap":{},"s":{"0":0,"1":0,"2":0},"f":{"0":0,"1":0},"b":{},"hash":"db3066a4ef0442d504a6dc3c9dc9441da6f88a9c"}
,"/Users/maxmeijer/repos/kudos-frontend/src/client.ts": {"path":"/Users/maxmeijer/repos/kudos-frontend/src/client.ts","statementMap":{"0":{"start":{"line":9,"column":20},"end":{"line":13,"column":1}},"1":{"start":{"line":10,"column":2},"end":{"line":12,"column":3}},"2":{"start":{"line":11,"column":4},"end":{"line":11,"column":13}},"3":{"start":{"line":14,"column":17},"end":{"line":14,"column":74}},"4":{"start":{"line":16,"column":23},"end":{"line":25,"column":2}},"5":{"start":{"line":17,"column":2},"end":{"line":22,"column":5}},"6":{"start":{"line":24,"column":2},"end":{"line":24,"column":28}},"7":{"start":{"line":27,"column":15},"end":{"line":37,"column":2}},"8":{"start":{"line":30,"column":6},"end":{"line":32,"column":7}},"9":{"start":{"line":31,"column":8},"end":{"line":31,"column":40}}},"fnMap":{"0":{"name":"(anonymous_0)","decl":{"start":{"line":9,"column":20},"end":{"line":9,"column":21}},"loc":{"start":{"line":9,"column":47},"end":{"line":13,"column":1}},"line":9},"1":{"name":"(anonymous_1)","decl":{"start":{"line":16,"column":38},"end":{"line":16,"column":39}},"loc":{"start":{"line":16,"column":62},"end":{"line":25,"column":1}},"line":16},"2":{"name":"(anonymous_2)","decl":{"start":{"line":29,"column":12},"end":{"line":29,"column":13}},"loc":{"start":{"line":29,"column":23},"end":{"line":33,"column":5}},"line":29}},"branchMap":{"0":{"loc":{"start":{"line":10,"column":2},"end":{"line":12,"column":3}},"type":"if","locations":[{"start":{"line":10,"column":2},"end":{"line":12,"column":3}},{"start":{"line":10,"column":2},"end":{"line":12,"column":3}}],"line":10},"1":{"loc":{"start":{"line":10,"column":6},"end":{"line":10,"column":53}},"type":"binary-expr","locations":[{"start":{"line":10,"column":6},"end":{"line":10,"column":18}},{"start":{"line":10,"column":22},"end":{"line":10,"column":53}}],"line":10},"2":{"loc":{"start":{"line":19,"column":21},"end":{"line":20,"column":76}},"type":"cond-expr","locations":[{"start":{"line":20,"column":10},"end":{"line":20,"column":71}},{"start":{"line":20,"column":74},"end":{"line":20,"column":76}}],"line":19},"3":{"loc":{"start":{"line":30,"column":6},"end":{"line":32,"column":7}},"type":"if","locations":[{"start":{"line":30,"column":6},"end":{"line":32,"column":7}},{"start":{"line":30,"column":6},"end":{"line":32,"column":7}}],"line":30},"4":{"loc":{"start":{"line":30,"column":10},"end":{"line":30,"column":37}},"type":"binary-expr","locations":[{"start":{"line":30,"column":10},"end":{"line":30,"column":15}},{"start":{"line":30,"column":19},"end":{"line":30,"column":37}}],"line":30}},"s":{"0":30,"1":0,"2":0,"3":30,"4":30,"5":0,"6":0,"7":30,"8":0,"9":0},"f":{"0":0,"1":0,"2":0},"b":{"0":[0,0],"1":[0,0],"2":[0,0],"3":[0,0],"4":[0,0]},"_coverageSchema":"43e27e138ebf9cfc5966b082cf9a028302ed4184","hash":"30ffd1787cd024ca5869ba6a0ab06c93ec6d1914"}
,"/Users/maxmeijer/repos/kudos-frontend/src/index.tsx": {"path":"/Users/maxmeijer/repos/kudos-frontend/src/index.tsx","statementMap":{"0":{"start":{"line":11,"column":18},"end":{"line":22,"column":1}},"1":{"start":{"line":12,"column":15},"end":{"line":12,"column":46}},"2":{"start":{"line":15,"column":2},"end":{"line":15,"column":22}},"3":{"start":{"line":16,"column":2},"end":{"line":21,"column":4}},"4":{"start":{"line":24,"column":0},"end":{"line":24,"column":12}},"5":{"start":{"line":29,"column":0},"end":{"line":29,"column":27}}},"fnMap":{"0":{"name":"(anonymous_0)","decl":{"start":{"line":11,"column":18},"end":{"line":11,"column":19}},"loc":{"start":{"line":11,"column":24},"end":{"line":22,"column":1}},"line":11}},"branchMap":{},"s":{"0":0,"1":0,"2":0,"3":0,"4":0,"5":0},"f":{"0":0},"b":{},"hash":"b12f09f40fcc1dae07a9af68c4f53ddc1ec2e31d"}
,"/Users/maxmeijer/repos/kudos-frontend/src/routes.ts": {"path":"/Users/maxmeijer/repos/kudos-frontend/src/routes.ts","statementMap":{"0":{"start":{"line":1,"column":29},"end":{"line":1,"column":40}},"1":{"start":{"line":2,"column":36},"end":{"line":2,"column":54}},"2":{"start":{"line":3,"column":35},"end":{"line":3,"column":52}},"3":{"start":{"line":4,"column":42},"end":{"line":4,"column":64}},"4":{"start":{"line":5,"column":26},"end":{"line":5,"column":34}},"5":{"start":{"line":6,"column":29},"end":{"line":6,"column":40}},"6":{"start":{"line":7,"column":31},"end":{"line":7,"column":44}},"7":{"start":{"line":8,"column":25},"end":{"line":8,"column":28}},"8":{"start":{"line":9,"column":36},"end":{"line":9,"column":55}},"9":{"start":{"line":10,"column":34},"end":{"line":10,"column":50}},"10":{"start":{"line":11,"column":25},"end":{"line":11,"column":32}},"11":{"start":{"line":12,"column":32},"end":{"line":12,"column":46}},"12":{"start":{"line":13,"column":27},"end":{"line":13,"column":36}},"13":{"start":{"line":14,"column":32},"end":{"line":14,"column":46}},"14":{"start":{"line":15,"column":32},"end":{"line":15,"column":46}}},"fnMap":{},"branchMap":{},"s":{"0":37,"1":37,"2":37,"3":37,"4":37,"5":37,"6":37,"7":37,"8":37,"9":37,"10":37,"11":37,"12":37,"13":37,"14":37},"f":{},"b":{},"_coverageSchema":"43e27e138ebf9cfc5966b082cf9a028302ed4184","hash":"49fd90d9d9ab8e4dc73139ec83dacbb4edf9d3a3"}
,"/Users/maxmeijer/repos/kudos-frontend/src/serviceWorker.js": {"path":"/Users/maxmeijer/repos/kudos-frontend/src/serviceWorker.js","statementMap":{"0":{"start":{"line":13,"column":20},"end":{"line":21,"column":1}},"1":{"start":{"line":24,"column":2},"end":{"line":54,"column":3}},"2":{"start":{"line":26,"column":22},"end":{"line":26,"column":75}},"3":{"start":{"line":27,"column":4},"end":{"line":32,"column":5}},"4":{"start":{"line":31,"column":6},"end":{"line":31,"column":13}},"5":{"start":{"line":34,"column":4},"end":{"line":53,"column":7}},"6":{"start":{"line":35,"column":20},"end":{"line":35,"column":65}},"7":{"start":{"line":37,"column":6},"end":{"line":52,"column":7}},"8":{"start":{"line":39,"column":8},"end":{"line":39,"column":47}},"9":{"start":{"line":43,"column":8},"end":{"line":48,"column":11}},"10":{"start":{"line":44,"column":10},"end":{"line":47,"column":12}},"11":{"start":{"line":51,"column":8},"end":{"line":51,"column":39}},"12":{"start":{"line":58,"column":2},"end":{"line":98,"column":7}},"13":{"start":{"line":61,"column":6},"end":{"line":94,"column":8}},"14":{"start":{"line":62,"column":33},"end":{"line":62,"column":56}},"15":{"start":{"line":63,"column":8},"end":{"line":65,"column":9}},"16":{"start":{"line":64,"column":10},"end":{"line":64,"column":17}},"17":{"start":{"line":66,"column":8},"end":{"line":93,"column":10}},"18":{"start":{"line":67,"column":10},"end":{"line":92,"column":11}},"19":{"start":{"line":68,"column":12},"end":{"line":91,"column":13}},"20":{"start":{"line":72,"column":14},"end":{"line":75,"column":16}},"21":{"start":{"line":78,"column":14},"end":{"line":80,"column":15}},"22":{"start":{"line":79,"column":16},"end":{"line":79,"column":46}},"23":{"start":{"line":85,"column":14},"end":{"line":85,"column":64}},"24":{"start":{"line":88,"column":14},"end":{"line":90,"column":15}},"25":{"start":{"line":89,"column":16},"end":{"line":89,"column":47}},"26":{"start":{"line":97,"column":6},"end":{"line":97,"column":72}},"27":{"start":{"line":103,"column":2},"end":{"line":128,"column":7}},"28":{"start":{"line":108,"column":26},"end":{"line":108,"column":62}},"29":{"start":{"line":109,"column":6},"end":{"line":122,"column":7}},"30":{"start":{"line":114,"column":8},"end":{"line":118,"column":11}},"31":{"start":{"line":115,"column":10},"end":{"line":117,"column":13}},"32":{"start":{"line":116,"column":12},"end":{"line":116,"column":37}},"33":{"start":{"line":121,"column":8},"end":{"line":121,"column":39}},"34":{"start":{"line":125,"column":6},"end":{"line":127,"column":8}},"35":{"start":{"line":132,"column":2},"end":{"line":140,"column":3}},"36":{"start":{"line":133,"column":4},"end":{"line":139,"column":9}},"37":{"start":{"line":135,"column":8},"end":{"line":135,"column":34}},"38":{"start":{"line":138,"column":8},"end":{"line":138,"column":37}}},"fnMap":{"0":{"name":"register","decl":{"start":{"line":23,"column":16},"end":{"line":23,"column":24}},"loc":{"start":{"line":23,"column":33},"end":{"line":55,"column":1}},"line":23},"1":{"name":"(anonymous_1)","decl":{"start":{"line":34,"column":36},"end":{"line":34,"column":37}},"loc":{"start":{"line":34,"column":42},"end":{"line":53,"column":5}},"line":34},"2":{"name":"(anonymous_2)","decl":{"start":{"line":43,"column":43},"end":{"line":43,"column":44}},"loc":{"start":{"line":43,"column":49},"end":{"line":48,"column":9}},"line":43},"3":{"name":"registerValidSW","decl":{"start":{"line":57,"column":9},"end":{"line":57,"column":24}},"loc":{"start":{"line":57,"column":40},"end":{"line":99,"column":1}},"line":57},"4":{"name":"(anonymous_4)","decl":{"start":{"line":60,"column":10},"end":{"line":60,"column":11}},"loc":{"start":{"line":60,"column":26},"end":{"line":95,"column":5}},"line":60},"5":{"name":"(anonymous_5)","decl":{"start":{"line":61,"column":35},"end":{"line":61,"column":36}},"loc":{"start":{"line":61,"column":41},"end":{"line":94,"column":7}},"line":61},"6":{"name":"(anonymous_6)","decl":{"start":{"line":66,"column":41},"end":{"line":66,"column":42}},"loc":{"start":{"line":66,"column":47},"end":{"line":93,"column":9}},"line":66},"7":{"name":"(anonymous_7)","decl":{"start":{"line":96,"column":11},"end":{"line":96,"column":12}},"loc":{"start":{"line":96,"column":20},"end":{"line":98,"column":5}},"line":96},"8":{"name":"checkValidServiceWorker","decl":{"start":{"line":101,"column":9},"end":{"line":101,"column":32}},"loc":{"start":{"line":101,"column":48},"end":{"line":129,"column":1}},"line":101},"9":{"name":"(anonymous_9)","decl":{"start":{"line":106,"column":10},"end":{"line":106,"column":11}},"loc":{"start":{"line":106,"column":22},"end":{"line":123,"column":5}},"line":106},"10":{"name":"(anonymous_10)","decl":{"start":{"line":114,"column":43},"end":{"line":114,"column":44}},"loc":{"start":{"line":114,"column":59},"end":{"line":118,"column":9}},"line":114},"11":{"name":"(anonymous_11)","decl":{"start":{"line":115,"column":41},"end":{"line":115,"column":42}},"loc":{"start":{"line":115,"column":47},"end":{"line":117,"column":11}},"line":115},"12":{"name":"(anonymous_12)","decl":{"start":{"line":124,"column":11},"end":{"line":124,"column":12}},"loc":{"start":{"line":124,"column":17},"end":{"line":128,"column":5}},"line":124},"13":{"name":"unregister","decl":{"start":{"line":131,"column":16},"end":{"line":131,"column":26}},"loc":{"start":{"line":131,"column":29},"end":{"line":141,"column":1}},"line":131},"14":{"name":"(anonymous_14)","decl":{"start":{"line":134,"column":12},"end":{"line":134,"column":13}},"loc":{"start":{"line":134,"column":28},"end":{"line":136,"column":7}},"line":134},"15":{"name":"(anonymous_15)","decl":{"start":{"line":137,"column":13},"end":{"line":137,"column":14}},"loc":{"start":{"line":137,"column":22},"end":{"line":139,"column":7}},"line":137}},"branchMap":{"0":{"loc":{"start":{"line":14,"column":2},"end":{"line":20,"column":5}},"type":"binary-expr","locations":[{"start":{"line":14,"column":2},"end":{"line":14,"column":42}},{"start":{"line":16,"column":4},"end":{"line":16,"column":40}},{"start":{"line":18,"column":4},"end":{"line":20,"column":5}}],"line":14},"1":{"loc":{"start":{"line":24,"column":2},"end":{"line":54,"column":3}},"type":"if","locations":[{"start":{"line":24,"column":2},"end":{"line":54,"column":3}},{"start":{"line":24,"column":2},"end":{"line":54,"column":3}}],"line":24},"2":{"loc":{"start":{"line":24,"column":6},"end":{"line":24,"column":75}},"type":"binary-expr","locations":[{"start":{"line":24,"column":6},"end":{"line":24,"column":43}},{"start":{"line":24,"column":47},"end":{"line":24,"column":75}}],"line":24},"3":{"loc":{"start":{"line":27,"column":4},"end":{"line":32,"column":5}},"type":"if","locations":[{"start":{"line":27,"column":4},"end":{"line":32,"column":5}},{"start":{"line":27,"column":4},"end":{"line":32,"column":5}}],"line":27},"4":{"loc":{"start":{"line":37,"column":6},"end":{"line":52,"column":7}},"type":"if","locations":[{"start":{"line":37,"column":6},"end":{"line":52,"column":7}},{"start":{"line":37,"column":6},"end":{"line":52,"column":7}}],"line":37},"5":{"loc":{"start":{"line":63,"column":8},"end":{"line":65,"column":9}},"type":"if","locations":[{"start":{"line":63,"column":8},"end":{"line":65,"column":9}},{"start":{"line":63,"column":8},"end":{"line":65,"column":9}}],"line":63},"6":{"loc":{"start":{"line":67,"column":10},"end":{"line":92,"column":11}},"type":"if","locations":[{"start":{"line":67,"column":10},"end":{"line":92,"column":11}},{"start":{"line":67,"column":10},"end":{"line":92,"column":11}}],"line":67},"7":{"loc":{"start":{"line":68,"column":12},"end":{"line":91,"column":13}},"type":"if","locations":[{"start":{"line":68,"column":12},"end":{"line":91,"column":13}},{"start":{"line":68,"column":12},"end":{"line":91,"column":13}}],"line":68},"8":{"loc":{"start":{"line":78,"column":14},"end":{"line":80,"column":15}},"type":"if","locations":[{"start":{"line":78,"column":14},"end":{"line":80,"column":15}},{"start":{"line":78,"column":14},"end":{"line":80,"column":15}}],"line":78},"9":{"loc":{"start":{"line":78,"column":18},"end":{"line":78,"column":43}},"type":"binary-expr","locations":[{"start":{"line":78,"column":18},"end":{"line":78,"column":24}},{"start":{"line":78,"column":28},"end":{"line":78,"column":43}}],"line":78},"10":{"loc":{"start":{"line":88,"column":14},"end":{"line":90,"column":15}},"type":"if","locations":[{"start":{"line":88,"column":14},"end":{"line":90,"column":15}},{"start":{"line":88,"column":14},"end":{"line":90,"column":15}}],"line":88},"11":{"loc":{"start":{"line":88,"column":18},"end":{"line":88,"column":44}},"type":"binary-expr","locations":[{"start":{"line":88,"column":18},"end":{"line":88,"column":24}},{"start":{"line":88,"column":28},"end":{"line":88,"column":44}}],"line":88},"12":{"loc":{"start":{"line":109,"column":6},"end":{"line":122,"column":7}},"type":"if","locations":[{"start":{"line":109,"column":6},"end":{"line":122,"column":7}},{"start":{"line":109,"column":6},"end":{"line":122,"column":7}}],"line":109},"13":{"loc":{"start":{"line":110,"column":8},"end":{"line":111,"column":73}},"type":"binary-expr","locations":[{"start":{"line":110,"column":8},"end":{"line":110,"column":31}},{"start":{"line":111,"column":9},"end":{"line":111,"column":28}},{"start":{"line":111,"column":32},"end":{"line":111,"column":72}}],"line":110},"14":{"loc":{"start":{"line":132,"column":2},"end":{"line":140,"column":3}},"type":"if","locations":[{"start":{"line":132,"column":2},"end":{"line":140,"column":3}},{"start":{"line":132,"column":2},"end":{"line":140,"column":3}}],"line":132}},"s":{"0":0,"1":0,"2":0,"3":0,"4":0,"5":0,"6":0,"7":0,"8":0,"9":0,"10":0,"11":0,"12":0,"13":0,"14":0,"15":0,"16":0,"17":0,"18":0,"19":0,"20":0,"21":0,"22":0,"23":0,"24":0,"25":0,"26":0,"27":0,"28":0,"29":0,"30":0,"31":0,"32":0,"33":0,"34":0,"35":0,"36":0,"37":0,"38":0},"f":{"0":0,"1":0,"2":0,"3":0,"4":0,"5":0,"6":0,"7":0,"8":0,"9":0,"10":0,"11":0,"12":0,"13":0,"14":0,"15":0},"b":{"0":[0,0,0],"1":[0,0],"2":[0,0],"3":[0,0],"4":[0,0],"5":[0,0],"6":[0,0],"7":[0,0],"8":[0,0],"9":[0,0],"10":[0,0],"11":[0,0],"12":[0,0],"13":[0,0,0],"14":[0,0]},"hash":"72bb1d4be5a6f288b6f382f4d8db550fde876529"}
,"/Users/maxmeijer/repos/kudos-frontend/src/spec_helper.tsx": {"path":"/Users/maxmeijer/repos/kudos-frontend/src/spec_helper.tsx","statementMap":{"0":{"start":{"line":7,"column":35},"end":{"line":11,"column":1}},"1":{"start":{"line":8,"column":2},"end":{"line":10,"column":17}},"2":{"start":{"line":13,"column":20},"end":{"line":13,"column":89}},"3":{"start":{"line":13,"column":36},"end":{"line":13,"column":89}},"4":{"start":{"line":13,"column":61},"end":{"line":13,"column":88}},"5":{"start":{"line":15,"column":28},"end":{"line":15,"column":104}},"6":{"start":{"line":15,"column":67},"end":{"line":15,"column":104}},"7":{"start":{"line":18,"column":33},"end":{"line":18,"column":123}},"8":{"start":{"line":18,"column":72},"end":{"line":18,"column":123}},"9":{"start":{"line":21,"column":36},"end":{"line":21,"column":129}},"10":{"start":{"line":21,"column":75},"end":{"line":21,"column":129}},"11":{"start":{"line":23,"column":38},"end":{"line":27,"column":1}},"12":{"start":{"line":24,"column":16},"end":{"line":24,"column":49}},"13":{"start":{"line":26,"column":2},"end":{"line":26,"column":63}},"14":{"start":{"line":29,"column":35},"end":{"line":32,"column":1}},"15":{"start":{"line":30,"column":16},"end":{"line":30,"column":46}},"16":{"start":{"line":31,"column":2},"end":{"line":31,"column":63}},"17":{"start":{"line":35,"column":32},"end":{"line":37,"column":1}},"18":{"start":{"line":36,"column":2},"end":{"line":36,"column":51}},"19":{"start":{"line":36,"column":44},"end":{"line":36,"column":49}},"20":{"start":{"line":39,"column":28},"end":{"line":1107,"column":2}},"21":{"start":{"line":39,"column":34},"end":{"line":1107,"column":2}}},"fnMap":{"0":{"name":"(anonymous_0)","decl":{"start":{"line":7,"column":35},"end":{"line":7,"column":36}},"loc":{"start":{"line":8,"column":2},"end":{"line":10,"column":17}},"line":8},"1":{"name":"(anonymous_1)","decl":{"start":{"line":13,"column":20},"end":{"line":13,"column":21}},"loc":{"start":{"line":13,"column":36},"end":{"line":13,"column":89}},"line":13},"2":{"name":"(anonymous_2)","decl":{"start":{"line":13,"column":48},"end":{"line":13,"column":49}},"loc":{"start":{"line":13,"column":61},"end":{"line":13,"column":88}},"line":13},"3":{"name":"(anonymous_3)","decl":{"start":{"line":15,"column":28},"end":{"line":15,"column":29}},"loc":{"start":{"line":15,"column":67},"end":{"line":15,"column":104}},"line":15},"4":{"name":"(anonymous_4)","decl":{"start":{"line":18,"column":33},"end":{"line":18,"column":34}},"loc":{"start":{"line":18,"column":72},"end":{"line":18,"column":123}},"line":18},"5":{"name":"(anonymous_5)","decl":{"start":{"line":21,"column":36},"end":{"line":21,"column":37}},"loc":{"start":{"line":21,"column":75},"end":{"line":21,"column":129}},"line":21},"6":{"name":"(anonymous_6)","decl":{"start":{"line":23,"column":38},"end":{"line":23,"column":39}},"loc":{"start":{"line":23,"column":106},"end":{"line":27,"column":1}},"line":23},"7":{"name":"(anonymous_7)","decl":{"start":{"line":29,"column":35},"end":{"line":29,"column":36}},"loc":{"start":{"line":29,"column":100},"end":{"line":32,"column":1}},"line":29},"8":{"name":"(anonymous_8)","decl":{"start":{"line":35,"column":32},"end":{"line":35,"column":33}},"loc":{"start":{"line":35,"column":51},"end":{"line":37,"column":1}},"line":35},"9":{"name":"(anonymous_9)","decl":{"start":{"line":36,"column":38},"end":{"line":36,"column":39}},"loc":{"start":{"line":36,"column":44},"end":{"line":36,"column":49}},"line":36},"10":{"name":"(anonymous_10)","decl":{"start":{"line":39,"column":28},"end":{"line":39,"column":29}},"loc":{"start":{"line":39,"column":34},"end":{"line":1107,"column":2}},"line":39}},"branchMap":{"0":{"loc":{"start":{"line":7,"column":78},"end":{"line":7,"column":106}},"type":"default-arg","locations":[{"start":{"line":7,"column":101},"end":{"line":7,"column":106}}],"line":7},"1":{"loc":{"start":{"line":13,"column":21},"end":{"line":13,"column":31}},"type":"default-arg","locations":[{"start":{"line":13,"column":30},"end":{"line":13,"column":31}}],"line":13}},"s":{"0":48,"1":289,"2":48,"3":120,"4":120,"5":48,"6":167,"7":48,"8":26,"9":48,"10":5,"11":48,"12":5,"13":5,"14":48,"15":26,"16":26,"17":48,"18":72,"19":464,"20":48,"21":7},"f":{"0":289,"1":120,"2":120,"3":167,"4":26,"5":5,"6":5,"7":26,"8":72,"9":464,"10":7},"b":{"0":[274],"1":[0]},"_coverageSchema":"43e27e138ebf9cfc5966b082cf9a028302ed4184","hash":"36865946cf6f3acdeff7de6f1ddc0d7099cd46ea"}
,"/Users/maxmeijer/repos/kudos-frontend/src/components/AuthenticatedRoute.tsx": {"path":"/Users/maxmeijer/repos/kudos-frontend/src/components/AuthenticatedRoute.tsx","statementMap":{"0":{"start":{"line":7,"column":2},"end":{"line":22,"column":4}},"1":{"start":{"line":11,"column":8},"end":{"line":13,"column":9}},"2":{"start":{"line":12,"column":10},"end":{"line":12,"column":46}},"3":{"start":{"line":15,"column":8},"end":{"line":17,"column":9}},"4":{"start":{"line":16,"column":10},"end":{"line":16,"column":42}},"5":{"start":{"line":19,"column":8},"end":{"line":19,"column":50}}},"fnMap":{"0":{"name":"AuthenticatedRoute","decl":{"start":{"line":6,"column":24},"end":{"line":6,"column":42}},"loc":{"start":{"line":6,"column":96},"end":{"line":23,"column":1}},"line":6},"1":{"name":"(anonymous_1)","decl":{"start":{"line":10,"column":14},"end":{"line":10,"column":15}},"loc":{"start":{"line":10,"column":25},"end":{"line":20,"column":7}},"line":10}},"branchMap":{"0":{"loc":{"start":{"line":11,"column":8},"end":{"line":13,"column":9}},"type":"if","locations":[{"start":{"line":11,"column":8},"end":{"line":13,"column":9}},{"start":{"line":11,"column":8},"end":{"line":13,"column":9}}],"line":11},"1":{"loc":{"start":{"line":15,"column":8},"end":{"line":17,"column":9}},"type":"if","locations":[{"start":{"line":15,"column":8},"end":{"line":17,"column":9}},{"start":{"line":15,"column":8},"end":{"line":17,"column":9}}],"line":15},"2":{"loc":{"start":{"line":15,"column":12},"end":{"line":15,"column":36}},"type":"binary-expr","locations":[{"start":{"line":15,"column":12},"end":{"line":15,"column":21}},{"start":{"line":15,"column":25},"end":{"line":15,"column":36}}],"line":15}},"s":{"0":0,"1":0,"2":0,"3":0,"4":0,"5":0},"f":{"0":0,"1":0},"b":{"0":[0,0],"1":[0,0],"2":[0,0]},"hash":"1ba076b2ef83c3d6b279f46d6f5071ae4dc17c71"}
,"/Users/maxmeijer/repos/kudos-frontend/src/components/FormWrapper.tsx": {"path":"/Users/maxmeijer/repos/kudos-frontend/src/components/FormWrapper.tsx","statementMap":{"0":{"start":{"line":15,"column":2},"end":{"line":29,"column":4}}},"fnMap":{"0":{"name":"FormWrapper","decl":{"start":{"line":14,"column":16},"end":{"line":14,"column":27}},"loc":{"start":{"line":14,"column":42},"end":{"line":30,"column":1}},"line":14}},"branchMap":{"0":{"loc":{"start":{"line":17,"column":7},"end":{"line":17,"column":56}},"type":"binary-expr","locations":[{"start":{"line":17,"column":7},"end":{"line":17,"column":20}},{"start":{"line":17,"column":24},"end":{"line":17,"column":56}}],"line":17}},"s":{"0":83},"f":{"0":83},"b":{"0":[83,28]},"_coverageSchema":"43e27e138ebf9cfc5966b082cf9a028302ed4184","hash":"c5e02b818f255f052d89f29ab0f6c3d4a84b9280"}
,"/Users/maxmeijer/repos/kudos-frontend/src/components/PullToRefresh.js": {"path":"/Users/maxmeijer/repos/kudos-frontend/src/components/PullToRefresh.js","statementMap":{"0":{"start":{"line":7,"column":0},"end":{"line":469,"column":3}},"1":{"start":{"line":8,"column":2},"end":{"line":12,"column":41}},"2":{"start":{"line":16,"column":16},"end":{"line":27,"column":3}},"3":{"start":{"line":29,"column":2},"end":{"line":38,"column":3}},"4":{"start":{"line":30,"column":4},"end":{"line":35,"column":7}},"5":{"start":{"line":33,"column":8},"end":{"line":33,"column":39}},"6":{"start":{"line":41,"column":4},"end":{"line":73,"column":5}},"7":{"start":{"line":42,"column":16},"end":{"line":42,"column":45}},"8":{"start":{"line":44,"column":6},"end":{"line":48,"column":7}},"9":{"start":{"line":45,"column":8},"end":{"line":45,"column":78}},"10":{"start":{"line":47,"column":8},"end":{"line":47,"column":66}},"11":{"start":{"line":50,"column":6},"end":{"line":50,"column":53}},"12":{"start":{"line":51,"column":6},"end":{"line":53,"column":53}},"13":{"start":{"line":54,"column":6},"end":{"line":54,"column":31}},"14":{"start":{"line":56,"column":6},"end":{"line":58,"column":7}},"15":{"start":{"line":57,"column":8},"end":{"line":57,"column":32}},"16":{"start":{"line":61,"column":6},"end":{"line":67,"column":7}},"17":{"start":{"line":62,"column":8},"end":{"line":62,"column":58}},"18":{"start":{"line":64,"column":8},"end":{"line":64,"column":71}},"19":{"start":{"line":66,"column":8},"end":{"line":66,"column":51}},"20":{"start":{"line":69,"column":6},"end":{"line":72,"column":30}},"21":{"start":{"line":75,"column":4},"end":{"line":75,"column":19}},"22":{"start":{"line":79,"column":4},"end":{"line":79,"column":73}},"23":{"start":{"line":80,"column":4},"end":{"line":80,"column":54}},"24":{"start":{"line":81,"column":4},"end":{"line":89,"column":31}},"25":{"start":{"line":83,"column":6},"end":{"line":86,"column":7}},"26":{"start":{"line":84,"column":8},"end":{"line":84,"column":70}},"27":{"start":{"line":85,"column":8},"end":{"line":85,"column":34}},"28":{"start":{"line":88,"column":6},"end":{"line":88,"column":32}},"29":{"start":{"line":93,"column":17},"end":{"line":95,"column":5}},"30":{"start":{"line":96,"column":17},"end":{"line":98,"column":5}},"31":{"start":{"line":100,"column":4},"end":{"line":106,"column":5}},"32":{"start":{"line":101,"column":6},"end":{"line":105,"column":7}},"33":{"start":{"line":102,"column":8},"end":{"line":102,"column":50}},"34":{"start":{"line":104,"column":8},"end":{"line":104,"column":45}},"35":{"start":{"line":108,"column":4},"end":{"line":120,"column":5}},"36":{"start":{"line":109,"column":6},"end":{"line":111,"column":7}},"37":{"start":{"line":110,"column":8},"end":{"line":110,"column":64}},"38":{"start":{"line":113,"column":6},"end":{"line":115,"column":7}},"39":{"start":{"line":114,"column":8},"end":{"line":114,"column":61}},"40":{"start":{"line":117,"column":6},"end":{"line":119,"column":7}},"41":{"start":{"line":118,"column":8},"end":{"line":118,"column":58}},"42":{"start":{"line":123,"column":13},"end":{"line":127,"column":3}},"43":{"start":{"line":129,"column":21},"end":{"line":303,"column":3}},"44":{"start":{"line":134,"column":19},"end":{"line":136,"column":11}},"45":{"start":{"line":135,"column":8},"end":{"line":135,"column":36}},"46":{"start":{"line":138,"column":6},"end":{"line":138,"column":32}},"47":{"start":{"line":140,"column":6},"end":{"line":150,"column":7}},"48":{"start":{"line":141,"column":8},"end":{"line":141,"column":36}},"49":{"start":{"line":143,"column":8},"end":{"line":145,"column":9}},"50":{"start":{"line":144,"column":10},"end":{"line":144,"column":52}},"51":{"start":{"line":147,"column":8},"end":{"line":147,"column":38}},"52":{"start":{"line":149,"column":8},"end":{"line":149,"column":28}},"53":{"start":{"line":154,"column":6},"end":{"line":156,"column":7}},"54":{"start":{"line":155,"column":8},"end":{"line":155,"column":15}},"55":{"start":{"line":158,"column":6},"end":{"line":164,"column":7}},"56":{"start":{"line":159,"column":8},"end":{"line":161,"column":9}},"57":{"start":{"line":160,"column":10},"end":{"line":160,"column":52}},"58":{"start":{"line":163,"column":8},"end":{"line":163,"column":49}},"59":{"start":{"line":166,"column":6},"end":{"line":175,"column":7}},"60":{"start":{"line":167,"column":8},"end":{"line":172,"column":9}},"61":{"start":{"line":171,"column":10},"end":{"line":171,"column":29}},"62":{"start":{"line":174,"column":8},"end":{"line":174,"column":15}},"63":{"start":{"line":177,"column":6},"end":{"line":183,"column":7}},"64":{"start":{"line":178,"column":8},"end":{"line":178,"column":63}},"65":{"start":{"line":180,"column":8},"end":{"line":180,"column":34}},"66":{"start":{"line":182,"column":8},"end":{"line":182,"column":25}},"67":{"start":{"line":185,"column":6},"end":{"line":187,"column":7}},"68":{"start":{"line":186,"column":8},"end":{"line":186,"column":62}},"69":{"start":{"line":189,"column":6},"end":{"line":189,"column":56}},"70":{"start":{"line":191,"column":6},"end":{"line":219,"column":7}},"71":{"start":{"line":192,"column":8},"end":{"line":192,"column":27}},"72":{"start":{"line":193,"column":8},"end":{"line":193,"column":72}},"73":{"start":{"line":194,"column":8},"end":{"line":196,"column":51}},"74":{"start":{"line":198,"column":8},"end":{"line":207,"column":9}},"75":{"start":{"line":202,"column":10},"end":{"line":202,"column":68}},"76":{"start":{"line":204,"column":10},"end":{"line":204,"column":38}},"77":{"start":{"line":206,"column":10},"end":{"line":206,"column":27}},"78":{"start":{"line":209,"column":8},"end":{"line":218,"column":9}},"79":{"start":{"line":213,"column":10},"end":{"line":213,"column":71}},"80":{"start":{"line":215,"column":10},"end":{"line":215,"column":36}},"81":{"start":{"line":217,"column":10},"end":{"line":217,"column":27}},"82":{"start":{"line":223,"column":6},"end":{"line":225,"column":7}},"83":{"start":{"line":224,"column":8},"end":{"line":224,"column":15}},"84":{"start":{"line":227,"column":6},"end":{"line":258,"column":7}},"85":{"start":{"line":231,"column":8},"end":{"line":231,"column":37}},"86":{"start":{"line":232,"column":8},"end":{"line":232,"column":66}},"87":{"start":{"line":234,"column":8},"end":{"line":234,"column":66}},"88":{"start":{"line":236,"column":8},"end":{"line":250,"column":31}},"89":{"start":{"line":237,"column":23},"end":{"line":239,"column":12}},"90":{"start":{"line":238,"column":12},"end":{"line":238,"column":37}},"91":{"start":{"line":241,"column":10},"end":{"line":245,"column":11}},"92":{"start":{"line":242,"column":12},"end":{"line":244,"column":15}},"93":{"start":{"line":243,"column":14},"end":{"line":243,"column":39}},"94":{"start":{"line":247,"column":10},"end":{"line":249,"column":11}},"95":{"start":{"line":248,"column":12},"end":{"line":248,"column":30}},"96":{"start":{"line":252,"column":8},"end":{"line":254,"column":9}},"97":{"start":{"line":253,"column":10},"end":{"line":253,"column":17}},"98":{"start":{"line":256,"column":8},"end":{"line":256,"column":50}},"99":{"start":{"line":257,"column":8},"end":{"line":257,"column":34}},"100":{"start":{"line":260,"column":6},"end":{"line":260,"column":23}},"101":{"start":{"line":262,"column":6},"end":{"line":262,"column":67}},"102":{"start":{"line":264,"column":6},"end":{"line":264,"column":64}},"103":{"start":{"line":266,"column":6},"end":{"line":266,"column":52}},"104":{"start":{"line":267,"column":6},"end":{"line":267,"column":46}},"105":{"start":{"line":271,"column":6},"end":{"line":276,"column":7}},"106":{"start":{"line":272,"column":8},"end":{"line":275,"column":10}},"107":{"start":{"line":279,"column":27},"end":{"line":283,"column":17}},"108":{"start":{"line":285,"column":4},"end":{"line":285,"column":53}},"109":{"start":{"line":286,"column":4},"end":{"line":286,"column":57}},"110":{"start":{"line":287,"column":4},"end":{"line":287,"column":73}},"111":{"start":{"line":288,"column":4},"end":{"line":288,"column":49}},"112":{"start":{"line":289,"column":4},"end":{"line":302,"column":6}},"113":{"start":{"line":297,"column":8},"end":{"line":297,"column":64}},"114":{"start":{"line":298,"column":8},"end":{"line":298,"column":60}},"115":{"start":{"line":299,"column":8},"end":{"line":299,"column":80}},"116":{"start":{"line":300,"column":8},"end":{"line":300,"column":56}},"117":{"start":{"line":306,"column":4},"end":{"line":306,"column":258}},"118":{"start":{"line":308,"column":19},"end":{"line":360,"column":1}},"119":{"start":{"line":361,"column":18},"end":{"line":393,"column":3}},"120":{"start":{"line":378,"column":6},"end":{"line":378,"column":24}},"121":{"start":{"line":381,"column":6},"end":{"line":381,"column":24}},"122":{"start":{"line":385,"column":6},"end":{"line":385,"column":31}},"123":{"start":{"line":388,"column":6},"end":{"line":388,"column":34}},"124":{"start":{"line":391,"column":6},"end":{"line":391,"column":29}},"125":{"start":{"line":395,"column":17},"end":{"line":395,"column":64}},"126":{"start":{"line":396,"column":22},"end":{"line":430,"column":3}},"127":{"start":{"line":397,"column":19},"end":{"line":397,"column":21}},"128":{"start":{"line":399,"column":4},"end":{"line":401,"column":7}},"129":{"start":{"line":400,"column":6},"end":{"line":400,"column":53}},"130":{"start":{"line":403,"column":4},"end":{"line":406,"column":35}},"131":{"start":{"line":408,"column":4},"end":{"line":412,"column":7}},"132":{"start":{"line":409,"column":6},"end":{"line":411,"column":7}},"133":{"start":{"line":410,"column":8},"end":{"line":410,"column":68}},"134":{"start":{"line":414,"column":4},"end":{"line":416,"column":5}},"135":{"start":{"line":415,"column":6},"end":{"line":415,"column":38}},"136":{"start":{"line":418,"column":4},"end":{"line":420,"column":6}},"137":{"start":{"line":419,"column":6},"end":{"line":419,"column":54}},"138":{"start":{"line":422,"column":4},"end":{"line":427,"column":6}},"139":{"start":{"line":424,"column":6},"end":{"line":424,"column":36}},"140":{"start":{"line":426,"column":6},"end":{"line":426,"column":50}},"141":{"start":{"line":429,"column":4},"end":{"line":429,"column":20}},"142":{"start":{"line":432,"column":14},"end":{"line":466,"column":3}},"143":{"start":{"line":434,"column":6},"end":{"line":434,"column":34}},"144":{"start":{"line":438,"column":6},"end":{"line":442,"column":7}},"145":{"start":{"line":439,"column":8},"end":{"line":439,"column":33}},"146":{"start":{"line":441,"column":8},"end":{"line":441,"column":30}},"147":{"start":{"line":444,"column":6},"end":{"line":446,"column":9}},"148":{"start":{"line":445,"column":8},"end":{"line":445,"column":20}},"149":{"start":{"line":450,"column":6},"end":{"line":450,"column":43}},"150":{"start":{"line":450,"column":30},"end":{"line":450,"column":43}},"151":{"start":{"line":452,"column":20},"end":{"line":452,"column":42}},"152":{"start":{"line":454,"column":6},"end":{"line":454,"column":58}},"153":{"start":{"line":455,"column":6},"end":{"line":455,"column":21}},"154":{"start":{"line":468,"column":2},"end":{"line":468,"column":15}}},"fnMap":{"0":{"name":"(anonymous_0)","decl":{"start":{"line":7,"column":1},"end":{"line":7,"column":2}},"loc":{"start":{"line":7,"column":27},"end":{"line":13,"column":1}},"line":7},"1":{"name":"(anonymous_1)","decl":{"start":{"line":13,"column":9},"end":{"line":13,"column":10}},"loc":{"start":{"line":13,"column":20},"end":{"line":469,"column":1}},"line":13},"2":{"name":"(anonymous_2)","decl":{"start":{"line":31,"column":6},"end":{"line":31,"column":7}},"loc":{"start":{"line":31,"column":20},"end":{"line":34,"column":7}},"line":31},"3":{"name":"setupDOM","decl":{"start":{"line":40,"column":11},"end":{"line":40,"column":19}},"loc":{"start":{"line":40,"column":29},"end":{"line":76,"column":3}},"line":40},"4":{"name":"onReset","decl":{"start":{"line":78,"column":11},"end":{"line":78,"column":18}},"loc":{"start":{"line":78,"column":28},"end":{"line":90,"column":3}},"line":78},"5":{"name":"(anonymous_5)","decl":{"start":{"line":81,"column":15},"end":{"line":81,"column":16}},"loc":{"start":{"line":81,"column":26},"end":{"line":89,"column":5}},"line":81},"6":{"name":"update","decl":{"start":{"line":92,"column":11},"end":{"line":92,"column":17}},"loc":{"start":{"line":92,"column":27},"end":{"line":121,"column":3}},"line":92},"7":{"name":"(anonymous_7)","decl":{"start":{"line":129,"column":21},"end":{"line":129,"column":22}},"loc":{"start":{"line":129,"column":32},"end":{"line":303,"column":3}},"line":129},"8":{"name":"_onTouchStart","decl":{"start":{"line":132,"column":13},"end":{"line":132,"column":26}},"loc":{"start":{"line":132,"column":30},"end":{"line":151,"column":5}},"line":132},"9":{"name":"(anonymous_9)","decl":{"start":{"line":134,"column":43},"end":{"line":134,"column":44}},"loc":{"start":{"line":134,"column":55},"end":{"line":136,"column":7}},"line":134},"10":{"name":"_onTouchMove","decl":{"start":{"line":153,"column":13},"end":{"line":153,"column":25}},"loc":{"start":{"line":153,"column":29},"end":{"line":220,"column":5}},"line":153},"11":{"name":"_onTouchEnd","decl":{"start":{"line":222,"column":13},"end":{"line":222,"column":24}},"loc":{"start":{"line":222,"column":27},"end":{"line":268,"column":5}},"line":222},"12":{"name":"(anonymous_12)","decl":{"start":{"line":236,"column":37},"end":{"line":236,"column":38}},"loc":{"start":{"line":236,"column":48},"end":{"line":250,"column":9}},"line":236},"13":{"name":"(anonymous_13)","decl":{"start":{"line":237,"column":37},"end":{"line":237,"column":38}},"loc":{"start":{"line":237,"column":48},"end":{"line":239,"column":11}},"line":237},"14":{"name":"(anonymous_14)","decl":{"start":{"line":242,"column":24},"end":{"line":242,"column":25}},"loc":{"start":{"line":242,"column":35},"end":{"line":244,"column":13}},"line":242},"15":{"name":"_onScroll","decl":{"start":{"line":270,"column":13},"end":{"line":270,"column":22}},"loc":{"start":{"line":270,"column":25},"end":{"line":277,"column":5}},"line":270},"16":{"name":"destroy","decl":{"start":{"line":295,"column":24},"end":{"line":295,"column":31}},"loc":{"start":{"line":295,"column":34},"end":{"line":301,"column":7}},"line":295},"17":{"name":"(anonymous_17)","decl":{"start":{"line":377,"column":15},"end":{"line":377,"column":16}},"loc":{"start":{"line":377,"column":26},"end":{"line":379,"column":5}},"line":377},"18":{"name":"(anonymous_18)","decl":{"start":{"line":380,"column":15},"end":{"line":380,"column":16}},"loc":{"start":{"line":380,"column":26},"end":{"line":382,"column":5}},"line":380},"19":{"name":"(anonymous_19)","decl":{"start":{"line":383,"column":12},"end":{"line":383,"column":13}},"loc":{"start":{"line":383,"column":23},"end":{"line":383,"column":25}},"line":383},"20":{"name":"(anonymous_20)","decl":{"start":{"line":384,"column":15},"end":{"line":384,"column":16}},"loc":{"start":{"line":384,"column":26},"end":{"line":386,"column":5}},"line":384},"21":{"name":"(anonymous_21)","decl":{"start":{"line":387,"column":24},"end":{"line":387,"column":25}},"loc":{"start":{"line":387,"column":36},"end":{"line":389,"column":5}},"line":387},"22":{"name":"(anonymous_22)","decl":{"start":{"line":390,"column":25},"end":{"line":390,"column":26}},"loc":{"start":{"line":390,"column":36},"end":{"line":392,"column":5}},"line":390},"23":{"name":"(anonymous_23)","decl":{"start":{"line":396,"column":22},"end":{"line":396,"column":23}},"loc":{"start":{"line":396,"column":40},"end":{"line":430,"column":3}},"line":396},"24":{"name":"(anonymous_24)","decl":{"start":{"line":399,"column":35},"end":{"line":399,"column":36}},"loc":{"start":{"line":399,"column":49},"end":{"line":401,"column":5}},"line":399},"25":{"name":"(anonymous_25)","decl":{"start":{"line":408,"column":21},"end":{"line":408,"column":22}},"loc":{"start":{"line":408,"column":38},"end":{"line":412,"column":5}},"line":408},"26":{"name":"(anonymous_26)","decl":{"start":{"line":418,"column":24},"end":{"line":418,"column":25}},"loc":{"start":{"line":418,"column":41},"end":{"line":420,"column":5}},"line":418},"27":{"name":"(anonymous_27)","decl":{"start":{"line":422,"column":23},"end":{"line":422,"column":24}},"loc":{"start":{"line":422,"column":34},"end":{"line":427,"column":5}},"line":422},"28":{"name":"setPassiveMode","decl":{"start":{"line":433,"column":29},"end":{"line":433,"column":43}},"loc":{"start":{"line":433,"column":55},"end":{"line":435,"column":5}},"line":433},"29":{"name":"destroyAll","decl":{"start":{"line":437,"column":25},"end":{"line":437,"column":35}},"loc":{"start":{"line":437,"column":38},"end":{"line":447,"column":5}},"line":437},"30":{"name":"(anonymous_30)","decl":{"start":{"line":444,"column":31},"end":{"line":444,"column":32}},"loc":{"start":{"line":444,"column":43},"end":{"line":446,"column":7}},"line":444},"31":{"name":"init","decl":{"start":{"line":449,"column":19},"end":{"line":449,"column":23}},"loc":{"start":{"line":449,"column":33},"end":{"line":456,"column":5}},"line":449}},"branchMap":{"0":{"loc":{"start":{"line":8,"column":2},"end":{"line":12,"column":40}},"type":"cond-expr","locations":[{"start":{"line":9,"column":7},"end":{"line":9,"column":33}},{"start":{"line":10,"column":6},"end":{"line":12,"column":40}}],"line":8},"1":{"loc":{"start":{"line":8,"column":2},"end":{"line":8,"column":62}},"type":"binary-expr","locations":[{"start":{"line":8,"column":2},"end":{"line":8,"column":29}},{"start":{"line":8,"column":33},"end":{"line":8,"column":62}}],"line":8},"2":{"loc":{"start":{"line":10,"column":6},"end":{"line":12,"column":40}},"type":"cond-expr","locations":[{"start":{"line":11,"column":6},"end":{"line":11,"column":21}},{"start":{"line":12,"column":7},"end":{"line":12,"column":39}}],"line":10},"3":{"loc":{"start":{"line":10,"column":6},"end":{"line":10,"column":48}},"type":"binary-expr","locations":[{"start":{"line":10,"column":6},"end":{"line":10,"column":34}},{"start":{"line":10,"column":38},"end":{"line":10,"column":48}}],"line":10},"4":{"loc":{"start":{"line":41,"column":4},"end":{"line":73,"column":5}},"type":"if","locations":[{"start":{"line":41,"column":4},"end":{"line":73,"column":5}},{"start":{"line":41,"column":4},"end":{"line":73,"column":5}}],"line":41},"5":{"loc":{"start":{"line":44,"column":6},"end":{"line":48,"column":7}},"type":"if","locations":[{"start":{"line":44,"column":6},"end":{"line":48,"column":7}},{"start":{"line":44,"column":6},"end":{"line":48,"column":7}}],"line":44},"6":{"loc":{"start":{"line":56,"column":6},"end":{"line":58,"column":7}},"type":"if","locations":[{"start":{"line":56,"column":6},"end":{"line":58,"column":7}},{"start":{"line":56,"column":6},"end":{"line":58,"column":7}}],"line":56},"7":{"loc":{"start":{"line":61,"column":6},"end":{"line":67,"column":7}},"type":"if","locations":[{"start":{"line":61,"column":6},"end":{"line":67,"column":7}},{"start":{"line":61,"column":6},"end":{"line":67,"column":7}}],"line":61},"8":{"loc":{"start":{"line":83,"column":6},"end":{"line":86,"column":7}},"type":"if","locations":[{"start":{"line":83,"column":6},"end":{"line":86,"column":7}},{"start":{"line":83,"column":6},"end":{"line":86,"column":7}}],"line":83},"9":{"loc":{"start":{"line":83,"column":10},"end":{"line":83,"column":61}},"type":"binary-expr","locations":[{"start":{"line":83,"column":10},"end":{"line":83,"column":28}},{"start":{"line":83,"column":32},"end":{"line":83,"column":61}}],"line":83},"10":{"loc":{"start":{"line":100,"column":4},"end":{"line":106,"column":5}},"type":"if","locations":[{"start":{"line":100,"column":4},"end":{"line":106,"column":5}},{"start":{"line":100,"column":4},"end":{"line":106,"column":5}}],"line":100},"11":{"loc":{"start":{"line":101,"column":6},"end":{"line":105,"column":7}},"type":"if","locations":[{"start":{"line":101,"column":6},"end":{"line":105,"column":7}},{"start":{"line":101,"column":6},"end":{"line":105,"column":7}}],"line":101},"12":{"loc":{"start":{"line":108,"column":4},"end":{"line":120,"column":5}},"type":"if","locations":[{"start":{"line":108,"column":4},"end":{"line":120,"column":5}},{"start":{"line":108,"column":4},"end":{"line":120,"column":5}}],"line":108},"13":{"loc":{"start":{"line":109,"column":6},"end":{"line":111,"column":7}},"type":"if","locations":[{"start":{"line":109,"column":6},"end":{"line":111,"column":7}},{"start":{"line":109,"column":6},"end":{"line":111,"column":7}}],"line":109},"14":{"loc":{"start":{"line":113,"column":6},"end":{"line":115,"column":7}},"type":"if","locations":[{"start":{"line":113,"column":6},"end":{"line":115,"column":7}},{"start":{"line":113,"column":6},"end":{"line":115,"column":7}}],"line":113},"15":{"loc":{"start":{"line":113,"column":10},"end":{"line":113,"column":68}},"type":"binary-expr","locations":[{"start":{"line":113,"column":10},"end":{"line":113,"column":37}},{"start":{"line":113,"column":41},"end":{"line":113,"column":68}}],"line":113},"16":{"loc":{"start":{"line":117,"column":6},"end":{"line":119,"column":7}},"type":"if","locations":[{"start":{"line":117,"column":6},"end":{"line":119,"column":7}},{"start":{"line":117,"column":6},"end":{"line":119,"column":7}}],"line":117},"17":{"loc":{"start":{"line":140,"column":6},"end":{"line":150,"column":7}},"type":"if","locations":[{"start":{"line":140,"column":6},"end":{"line":150,"column":7}},{"start":{"line":140,"column":6},"end":{"line":150,"column":7}}],"line":140},"18":{"loc":{"start":{"line":140,"column":10},"end":{"line":140,"column":47}},"type":"binary-expr","locations":[{"start":{"line":140,"column":10},"end":{"line":140,"column":16}},{"start":{"line":140,"column":20},"end":{"line":140,"column":47}}],"line":140},"19":{"loc":{"start":{"line":143,"column":8},"end":{"line":145,"column":9}},"type":"if","locations":[{"start":{"line":143,"column":8},"end":{"line":145,"column":9}},{"start":{"line":143,"column":8},"end":{"line":145,"column":9}}],"line":143},"20":{"loc":{"start":{"line":154,"column":6},"end":{"line":156,"column":7}},"type":"if","locations":[{"start":{"line":154,"column":6},"end":{"line":156,"column":7}},{"start":{"line":154,"column":6},"end":{"line":156,"column":7}}],"line":154},"21":{"loc":{"start":{"line":154,"column":12},"end":{"line":154,"column":51}},"type":"binary-expr","locations":[{"start":{"line":154,"column":12},"end":{"line":154,"column":15}},{"start":{"line":154,"column":19},"end":{"line":154,"column":33}},{"start":{"line":154,"column":37},"end":{"line":154,"column":51}}],"line":154},"22":{"loc":{"start":{"line":158,"column":6},"end":{"line":164,"column":7}},"type":"if","locations":[{"start":{"line":158,"column":6},"end":{"line":164,"column":7}},{"start":{"line":158,"column":6},"end":{"line":164,"column":7}}],"line":158},"23":{"loc":{"start":{"line":159,"column":8},"end":{"line":161,"column":9}},"type":"if","locations":[{"start":{"line":159,"column":8},"end":{"line":161,"column":9}},{"start":{"line":159,"column":8},"end":{"line":161,"column":9}}],"line":159},"24":{"loc":{"start":{"line":166,"column":6},"end":{"line":175,"column":7}},"type":"if","locations":[{"start":{"line":166,"column":6},"end":{"line":175,"column":7}},{"start":{"line":166,"column":6},"end":{"line":175,"column":7}}],"line":166},"25":{"loc":{"start":{"line":167,"column":8},"end":{"line":172,"column":9}},"type":"if","locations":[{"start":{"line":167,"column":8},"end":{"line":172,"column":9}},{"start":{"line":167,"column":8},"end":{"line":172,"column":9}}],"line":167},"26":{"loc":{"start":{"line":168,"column":10},"end":{"line":169,"column":48}},"type":"binary-expr","locations":[{"start":{"line":168,"column":10},"end":{"line":168,"column":35}},{"start":{"line":169,"column":10},"end":{"line":169,"column":48}}],"line":168},"27":{"loc":{"start":{"line":177,"column":6},"end":{"line":183,"column":7}},"type":"if","locations":[{"start":{"line":177,"column":6},"end":{"line":183,"column":7}},{"start":{"line":177,"column":6},"end":{"line":183,"column":7}}],"line":177},"28":{"loc":{"start":{"line":185,"column":6},"end":{"line":187,"column":7}},"type":"if","locations":[{"start":{"line":185,"column":6},"end":{"line":187,"column":7}},{"start":{"line":185,"column":6},"end":{"line":187,"column":7}}],"line":185},"29":{"loc":{"start":{"line":185,"column":10},"end":{"line":185,"column":49}},"type":"binary-expr","locations":[{"start":{"line":185,"column":10},"end":{"line":185,"column":28}},{"start":{"line":185,"column":32},"end":{"line":185,"column":49}}],"line":185},"30":{"loc":{"start":{"line":191,"column":6},"end":{"line":219,"column":7}},"type":"if","locations":[{"start":{"line":191,"column":6},"end":{"line":219,"column":7}},{"start":{"line":191,"column":6},"end":{"line":219,"column":7}}],"line":191},"31":{"loc":{"start":{"line":198,"column":8},"end":{"line":207,"column":9}},"type":"if","locations":[{"start":{"line":198,"column":8},"end":{"line":207,"column":9}},{"start":{"line":198,"column":8},"end":{"line":207,"column":9}}],"line":198},"32":{"loc":{"start":{"line":199,"column":10},"end":{"line":200,"column":50}},"type":"binary-expr","locations":[{"start":{"line":199,"column":10},"end":{"line":199,"column":37}},{"start":{"line":200,"column":10},"end":{"line":200,"column":50}}],"line":199},"33":{"loc":{"start":{"line":209,"column":8},"end":{"line":218,"column":9}},"type":"if","locations":[{"start":{"line":209,"column":8},"end":{"line":218,"column":9}},{"start":{"line":209,"column":8},"end":{"line":218,"column":9}}],"line":209},"34":{"loc":{"start":{"line":210,"column":10},"end":{"line":211,"column":50}},"type":"binary-expr","locations":[{"start":{"line":210,"column":10},"end":{"line":210,"column":39}},{"start":{"line":211,"column":10},"end":{"line":211,"column":50}}],"line":210},"35":{"loc":{"start":{"line":223,"column":6},"end":{"line":225,"column":7}},"type":"if","locations":[{"start":{"line":223,"column":6},"end":{"line":225,"column":7}},{"start":{"line":223,"column":6},"end":{"line":225,"column":7}}],"line":223},"36":{"loc":{"start":{"line":223,"column":12},"end":{"line":223,"column":51}},"type":"binary-expr","locations":[{"start":{"line":223,"column":12},"end":{"line":223,"column":15}},{"start":{"line":223,"column":19},"end":{"line":223,"column":33}},{"start":{"line":223,"column":37},"end":{"line":223,"column":51}}],"line":223},"37":{"loc":{"start":{"line":227,"column":6},"end":{"line":258,"column":7}},"type":"if","locations":[{"start":{"line":227,"column":6},"end":{"line":258,"column":7}},{"start":{"line":227,"column":6},"end":{"line":258,"column":7}}],"line":227},"38":{"loc":{"start":{"line":228,"column":8},"end":{"line":229,"column":48}},"type":"binary-expr","locations":[{"start":{"line":228,"column":8},"end":{"line":228,"column":37}},{"start":{"line":229,"column":8},"end":{"line":229,"column":48}}],"line":228},"39":{"loc":{"start":{"line":241,"column":10},"end":{"line":245,"column":11}},"type":"if","locations":[{"start":{"line":241,"column":10},"end":{"line":245,"column":11}},{"start":{"line":241,"column":10},"end":{"line":245,"column":11}}],"line":241},"40":{"loc":{"start":{"line":241,"column":14},"end":{"line":241,"column":57}},"type":"binary-expr","locations":[{"start":{"line":241,"column":14},"end":{"line":241,"column":20}},{"start":{"line":241,"column":24},"end":{"line":241,"column":57}}],"line":241},"41":{"loc":{"start":{"line":247,"column":10},"end":{"line":249,"column":11}},"type":"if","locations":[{"start":{"line":247,"column":10},"end":{"line":249,"column":11}},{"start":{"line":247,"column":10},"end":{"line":249,"column":11}}],"line":247},"42":{"loc":{"start":{"line":247,"column":14},"end":{"line":247,"column":46}},"type":"binary-expr","locations":[{"start":{"line":247,"column":14},"end":{"line":247,"column":21}},{"start":{"line":247,"column":25},"end":{"line":247,"column":46}}],"line":247},"43":{"loc":{"start":{"line":252,"column":8},"end":{"line":254,"column":9}},"type":"if","locations":[{"start":{"line":252,"column":8},"end":{"line":254,"column":9}},{"start":{"line":252,"column":8},"end":{"line":254,"column":9}}],"line":252},"44":{"loc":{"start":{"line":271,"column":6},"end":{"line":276,"column":7}},"type":"if","locations":[{"start":{"line":271,"column":6},"end":{"line":276,"column":7}},{"start":{"line":271,"column":6},"end":{"line":276,"column":7}}],"line":271},"45":{"loc":{"start":{"line":279,"column":27},"end":{"line":283,"column":17}},"type":"cond-expr","locations":[{"start":{"line":280,"column":8},"end":{"line":282,"column":9}},{"start":{"line":283,"column":8},"end":{"line":283,"column":17}}],"line":279},"46":{"loc":{"start":{"line":281,"column":19},"end":{"line":281,"column":43}},"type":"binary-expr","locations":[{"start":{"line":281,"column":19},"end":{"line":281,"column":34}},{"start":{"line":281,"column":38},"end":{"line":281,"column":43}}],"line":281},"47":{"loc":{"start":{"line":400,"column":22},"end":{"line":400,"column":52}},"type":"binary-expr","locations":[{"start":{"line":400,"column":22},"end":{"line":400,"column":34}},{"start":{"line":400,"column":38},"end":{"line":400,"column":52}}],"line":400},"48":{"loc":{"start":{"line":404,"column":6},"end":{"line":406,"column":34}},"type":"cond-expr","locations":[{"start":{"line":405,"column":10},"end":{"line":405,"column":32}},{"start":{"line":406,"column":10},"end":{"line":406,"column":34}}],"line":404},"49":{"loc":{"start":{"line":409,"column":6},"end":{"line":411,"column":7}},"type":"if","locations":[{"start":{"line":409,"column":6},"end":{"line":411,"column":7}},{"start":{"line":409,"column":6},"end":{"line":411,"column":7}}],"line":409},"50":{"loc":{"start":{"line":414,"column":4},"end":{"line":416,"column":5}},"type":"if","locations":[{"start":{"line":414,"column":4},"end":{"line":416,"column":5}},{"start":{"line":414,"column":4},"end":{"line":416,"column":5}}],"line":414},"51":{"loc":{"start":{"line":438,"column":6},"end":{"line":442,"column":7}},"type":"if","locations":[{"start":{"line":438,"column":6},"end":{"line":442,"column":7}},{"start":{"line":438,"column":6},"end":{"line":442,"column":7}}],"line":438},"52":{"loc":{"start":{"line":450,"column":6},"end":{"line":450,"column":43}},"type":"if","locations":[{"start":{"line":450,"column":6},"end":{"line":450,"column":43}},{"start":{"line":450,"column":6},"end":{"line":450,"column":43}}],"line":450}},"s":{"0":5,"1":5,"2":5,"3":5,"4":5,"5":0,"6":0,"7":0,"8":0,"9":0,"10":0,"11":0,"12":0,"13":0,"14":0,"15":0,"16":0,"17":0,"18":0,"19":0,"20":0,"21":0,"22":0,"23":0,"24":0,"25":0,"26":0,"27":0,"28":0,"29":0,"30":0,"31":0,"32":0,"33":0,"34":0,"35":0,"36":0,"37":0,"38":0,"39":0,"40":0,"41":0,"42":5,"43":5,"44":0,"45":0,"46":0,"47":0,"48":0,"49":0,"50":0,"51":0,"52":0,"53":0,"54":0,"55":0,"56":0,"57":0,"58":0,"59":0,"60":0,"61":0,"62":0,"63":0,"64":0,"65":0,"66":0,"67":0,"68":0,"69":0,"70":0,"71":0,"72":0,"73":0,"74":0,"75":0,"76":0,"77":0,"78":0,"79":0,"80":0,"81":0,"82":0,"83":0,"84":0,"85":0,"86":0,"87":0,"88":0,"89":0,"90":0,"91":0,"92":0,"93":0,"94":0,"95":0,"96":0,"97":0,"98":0,"99":0,"100":0,"101":0,"102":0,"103":0,"104":0,"105":0,"106":0,"107":1,"108":1,"109":1,"110":1,"111":1,"112":1,"113":0,"114":0,"115":0,"116":0,"117":5,"118":5,"119":5,"120":0,"121":0,"122":0,"123":0,"124":0,"125":5,"126":5,"127":4,"128":4,"129":84,"130":4,"131":4,"132":12,"133":12,"134":4,"135":1,"136":4,"137":0,"138":4,"139":0,"140":0,"141":4,"142":5,"143":0,"144":0,"145":0,"146":0,"147":0,"148":0,"149":4,"150":0,"151":4,"152":4,"153":4,"154":5},"f":{"0":5,"1":5,"2":0,"3":0,"4":0,"5":0,"6":0,"7":1,"8":0,"9":0,"10":0,"11":0,"12":0,"13":0,"14":0,"15":0,"16":0,"17":0,"18":0,"19":0,"20":0,"21":0,"22":0,"23":4,"24":84,"25":12,"26":0,"27":0,"28":0,"29":0,"30":0,"31":4},"b":{"0":[5,0],"1":[5,5],"2":[0,0],"3":[0,0],"4":[0,0],"5":[0,0],"6":[0,0],"7":[0,0],"8":[0,0],"9":[0,0],"10":[0,0],"11":[0,0],"12":[0,0],"13":[0,0],"14":[0,0],"15":[0,0],"16":[0,0],"17":[0,0],"18":[0,0],"19":[0,0],"20":[0,0],"21":[0,0,0],"22":[0,0],"23":[0,0],"24":[0,0],"25":[0,0],"26":[0,0],"27":[0,0],"28":[0,0],"29":[0,0],"30":[0,0],"31":[0,0],"32":[0,0],"33":[0,0],"34":[0,0],"35":[0,0],"36":[0,0,0],"37":[0,0],"38":[0,0],"39":[0,0],"40":[0,0],"41":[0,0],"42":[0,0],"43":[0,0],"44":[0,0],"45":[0,1],"46":[0,0],"47":[84,72],"48":[0,4],"49":[12,0],"50":[1,3],"51":[0,0],"52":[0,4]},"_coverageSchema":"43e27e138ebf9cfc5966b082cf9a028302ed4184","hash":"36e83466feed251bff31e235d70b91ce49611b6c"}
,"/Users/maxmeijer/repos/kudos-frontend/src/components/index.ts": {"path":"/Users/maxmeijer/repos/kudos-frontend/src/components/index.ts","statementMap":{},"fnMap":{},"branchMap":{},"s":{},"f":{},"b":{},"_coverageSchema":"43e27e138ebf9cfc5966b082cf9a028302ed4184","hash":"751d65634a49b90f53ceacd84586524c92c14b4e"}
,"/Users/maxmeijer/repos/kudos-frontend/src/components/Circle/Circle.tsx": {"path":"/Users/maxmeijer/repos/kudos-frontend/src/components/Circle/Circle.tsx","statementMap":{"0":{"start":{"line":14,"column":2},"end":{"line":30,"column":4}}},"fnMap":{"0":{"name":"CustomCircle","decl":{"start":{"line":13,"column":9},"end":{"line":13,"column":21}},"loc":{"start":{"line":13,"column":56},"end":{"line":31,"column":1}},"line":13}},"branchMap":{"0":{"loc":{"start":{"line":16,"column":7},"end":{"line":21,"column":7}},"type":"binary-expr","locations":[{"start":{"line":16,"column":7},"end":{"line":16,"column":33}},{"start":{"line":17,"column":8},"end":{"line":20,"column":15}}],"line":16}},"s":{"0":34},"f":{"0":34},"b":{"0":[34,13]},"_coverageSchema":"43e27e138ebf9cfc5966b082cf9a028302ed4184","hash":"1e6d74c4105cb6f179b4e952c0b3e327c7668928"}
,"/Users/maxmeijer/repos/kudos-frontend/src/components/Circle/index.ts": {"path":"/Users/maxmeijer/repos/kudos-frontend/src/components/Circle/index.ts","statementMap":{},"fnMap":{},"branchMap":{},"s":{},"f":{},"b":{},"_coverageSchema":"43e27e138ebf9cfc5966b082cf9a028302ed4184","hash":"1b7b1fd760756899f1e74b2b5a6a31b895b6bf44"}
,"/Users/maxmeijer/repos/kudos-frontend/src/components/navigation/Desktop.tsx": {"path":"/Users/maxmeijer/repos/kudos-frontend/src/components/navigation/Desktop.tsx","statementMap":{"0":{"start":{"line":16,"column":24},"end":{"line":22,"column":1}},"1":{"start":{"line":35,"column":2},"end":{"line":83,"column":4}},"2":{"start":{"line":39,"column":62},"end":{"line":39,"column":91}},"3":{"start":{"line":43,"column":16},"end":{"line":76,"column":27}},"4":{"start":{"line":71,"column":78},"end":{"line":71,"column":86}}},"fnMap":{"0":{"name":"DesktopNavigation","decl":{"start":{"line":34,"column":16},"end":{"line":34,"column":33}},"loc":{"start":{"line":34,"column":48},"end":{"line":84,"column":1}},"line":34},"1":{"name":"(anonymous_1)","decl":{"start":{"line":39,"column":56},"end":{"line":39,"column":57}},"loc":{"start":{"line":39,"column":62},"end":{"line":39,"column":91}},"line":39},"2":{"name":"(anonymous_2)","decl":{"start":{"line":42,"column":15},"end":{"line":42,"column":16}},"loc":{"start":{"line":43,"column":16},"end":{"line":76,"column":27}},"line":43},"3":{"name":"(anonymous_3)","decl":{"start":{"line":71,"column":72},"end":{"line":71,"column":73}},"loc":{"start":{"line":71,"column":78},"end":{"line":71,"column":86}},"line":71}},"branchMap":{"0":{"loc":{"start":{"line":43,"column":44},"end":{"line":43,"column":97}},"type":"cond-expr","locations":[{"start":{"line":43,"column":66},"end":{"line":43,"column":82}},{"start":{"line":43,"column":85},"end":{"line":43,"column":97}}],"line":43},"1":{"loc":{"start":{"line":43,"column":44},"end":{"line":43,"column":63}},"type":"binary-expr","locations":[{"start":{"line":43,"column":44},"end":{"line":43,"column":48}},{"start":{"line":43,"column":52},"end":{"line":43,"column":63}}],"line":43},"2":{"loc":{"start":{"line":50,"column":21},"end":{"line":60,"column":21}},"type":"binary-expr","locations":[{"start":{"line":50,"column":21},"end":{"line":50,"column":30}},{"start":{"line":51,"column":20},"end":{"line":59,"column":27}}],"line":50},"3":{"loc":{"start":{"line":61,"column":21},"end":{"line":61,"column":54}},"type":"binary-expr","locations":[{"start":{"line":61,"column":21},"end":{"line":61,"column":30}},{"start":{"line":61,"column":34},"end":{"line":61,"column":54}}],"line":61}},"s":{"0":15,"1":79,"2":0,"3":116,"4":0},"f":{"0":79,"1":0,"2":116,"3":0},"b":{"0":[1,115],"1":[116,1],"2":[116,10],"3":[116,10]},"_coverageSchema":"43e27e138ebf9cfc5966b082cf9a028302ed4184","hash":"2233223a5c4aea12a35fab8444bfa36efb72c260"}
,"/Users/maxmeijer/repos/kudos-frontend/src/components/navigation/Mobile.tsx": {"path":"/Users/maxmeijer/repos/kudos-frontend/src/components/navigation/Mobile.tsx","statementMap":{"0":{"start":{"line":17,"column":15},"end":{"line":17,"column":30}},"1":{"start":{"line":18,"column":2},"end":{"line":27,"column":4}},"2":{"start":{"line":35,"column":21},"end":{"line":35,"column":65}},"3":{"start":{"line":36,"column":2},"end":{"line":75,"column":4}}},"fnMap":{"0":{"name":"IconComponent","decl":{"start":{"line":16,"column":9},"end":{"line":16,"column":22}},"loc":{"start":{"line":16,"column":50},"end":{"line":28,"column":1}},"line":16},"1":{"name":"mobile","decl":{"start":{"line":34,"column":9},"end":{"line":34,"column":15}},"loc":{"start":{"line":34,"column":36},"end":{"line":76,"column":1}},"line":34}},"branchMap":{"0":{"loc":{"start":{"line":24,"column":15},"end":{"line":24,"column":80}},"type":"cond-expr","locations":[{"start":{"line":24,"column":64},"end":{"line":24,"column":70}},{"start":{"line":24,"column":73},"end":{"line":24,"column":80}}],"line":24},"1":{"loc":{"start":{"line":44,"column":7},"end":{"line":51,"column":7}},"type":"binary-expr","locations":[{"start":{"line":44,"column":7},"end":{"line":44,"column":17}},{"start":{"line":45,"column":6},"end":{"line":50,"column":8}}],"line":44},"2":{"loc":{"start":{"line":52,"column":7},"end":{"line":59,"column":7}},"type":"binary-expr","locations":[{"start":{"line":52,"column":7},"end":{"line":52,"column":17}},{"start":{"line":53,"column":6},"end":{"line":58,"column":8}}],"line":52},"3":{"loc":{"start":{"line":60,"column":7},"end":{"line":67,"column":7}},"type":"binary-expr","locations":[{"start":{"line":60,"column":7},"end":{"line":60,"column":17}},{"start":{"line":61,"column":6},"end":{"line":66,"column":8}}],"line":60}},"s":{"0":32,"1":32,"2":7,"3":7},"f":{"0":32,"1":7},"b":{"0":[6,26],"1":[7,6],"2":[7,6],"3":[7,6]},"_coverageSchema":"43e27e138ebf9cfc5966b082cf9a028302ed4184","hash":"60775eaf3f75ee1cec8efa8741e0256ebb82e639"}
,"/Users/maxmeijer/repos/kudos-frontend/src/components/navigation/Navigation.tsx": {"path":"/Users/maxmeijer/repos/kudos-frontend/src/components/navigation/Navigation.tsx","statementMap":{"0":{"start":{"line":7,"column":2},"end":{"line":14,"column":8}}},"fnMap":{"0":{"name":"(anonymous_0)","decl":{"start":{"line":6,"column":15},"end":{"line":6,"column":16}},"loc":{"start":{"line":7,"column":2},"end":{"line":14,"column":8}},"line":7}},"branchMap":{},"s":{"0":71},"f":{"0":71},"b":{},"_coverageSchema":"43e27e138ebf9cfc5966b082cf9a028302ed4184","hash":"d82c6d375ee7ce460b425e6672ee7e17d3afd7dc"}
,"/Users/maxmeijer/repos/kudos-frontend/src/components/navigation/Toolbar.tsx": {"path":"/Users/maxmeijer/repos/kudos-frontend/src/components/navigation/Toolbar.tsx","statementMap":{"0":{"start":{"line":14,"column":19},"end":{"line":22,"column":3}},"1":{"start":{"line":19,"column":32},"end":{"line":19,"column":54}},"2":{"start":{"line":24,"column":2},"end":{"line":33,"column":4}}},"fnMap":{"0":{"name":"Toolbar","decl":{"start":{"line":13,"column":9},"end":{"line":13,"column":16}},"loc":{"start":{"line":13,"column":51},"end":{"line":34,"column":1}},"line":13},"1":{"name":"(anonymous_1)","decl":{"start":{"line":19,"column":26},"end":{"line":19,"column":27}},"loc":{"start":{"line":19,"column":32},"end":{"line":19,"column":54}},"line":19}},"branchMap":{"0":{"loc":{"start":{"line":14,"column":19},"end":{"line":22,"column":3}},"type":"cond-expr","locations":[{"start":{"line":15,"column":4},"end":{"line":17,"column":11}},{"start":{"line":19,"column":4},"end":{"line":21,"column":13}}],"line":14}},"s":{"0":75,"1":0,"2":75},"f":{"0":75,"1":0},"b":{"0":[0,75]},"_coverageSchema":"43e27e138ebf9cfc5966b082cf9a028302ed4184","hash":"a8220dbd921c574bb7617a80f62caa8e4fc3ef0c"}
,"/Users/maxmeijer/repos/kudos-frontend/src/components/navigation/index.ts": {"path":"/Users/maxmeijer/repos/kudos-frontend/src/components/navigation/index.ts","statementMap":{},"fnMap":{},"branchMap":{},"s":{},"f":{},"b":{},"_coverageSchema":"43e27e138ebf9cfc5966b082cf9a028302ed4184","hash":"9ffe352dda5dcefa6d4a5b686b03de2bbd24fd89"}
,"/Users/maxmeijer/repos/kudos-frontend/src/config/i18n.js": {"path":"/Users/maxmeijer/repos/kudos-frontend/src/config/i18n.js","statementMap":{"0":{"start":{"line":4,"column":0},"end":{"line":6,"column":2}},"1":{"start":{"line":8,"column":0},"end":{"line":8,"column":65}}},"fnMap":{},"branchMap":{},"s":{"0":0,"1":0},"f":{},"b":{},"hash":"6e2503355782e8066003579afc22aadcfae5f401"}
,"/Users/maxmeijer/repos/kudos-frontend/src/config/sentry.js": {"path":"/Users/maxmeijer/repos/kudos-frontend/src/config/sentry.js","statementMap":{"0":{"start":{"line":4,"column":0},"end":{"line":19,"column":1}},"1":{"start":{"line":5,"column":2},"end":{"line":11,"column":15}},"2":{"start":{"line":13,"column":2},"end":{"line":18,"column":3}},"3":{"start":{"line":15,"column":4},"end":{"line":16,"column":101}}},"fnMap":{},"branchMap":{"0":{"loc":{"start":{"line":4,"column":0},"end":{"line":19,"column":1}},"type":"if","locations":[{"start":{"line":4,"column":0},"end":{"line":19,"column":1}},{"start":{"line":4,"column":0},"end":{"line":19,"column":1}}],"line":4},"1":{"loc":{"start":{"line":13,"column":2},"end":{"line":18,"column":3}},"type":"if","locations":[{"start":{"line":13,"column":2},"end":{"line":18,"column":3}},{"start":{"line":13,"column":2},"end":{"line":18,"column":3}}],"line":13}},"s":{"0":0,"1":0,"2":0,"3":0},"f":{},"b":{"0":[0,0],"1":[0,0]},"hash":"0013dc26921f433662fec0a1444720c74ee7dcf2"}
,"/Users/maxmeijer/repos/kudos-frontend/src/config/settings.default.js": {"path":"/Users/maxmeijer/repos/kudos-frontend/src/config/settings.default.js","statementMap":{},"fnMap":{},"branchMap":{},"s":{},"f":{},"b":{},"_coverageSchema":"43e27e138ebf9cfc5966b082cf9a028302ed4184","hash":"18d1e56568a8fc1aa1de6d84845bc71bdc69b00c"}
,"/Users/maxmeijer/repos/kudos-frontend/src/config/settings.development.js": {"path":"/Users/maxmeijer/repos/kudos-frontend/src/config/settings.development.js","statementMap":{},"fnMap":{},"branchMap":{},"s":{},"f":{},"b":{},"hash":"6d6ab457b265d1f11ba50b544f20a3d540ad67d0"}
,"/Users/maxmeijer/repos/kudos-frontend/src/config/settings.js": {"path":"/Users/maxmeijer/repos/kudos-frontend/src/config/settings.js","statementMap":{"0":{"start":{"line":3,"column":28},"end":{"line":3,"column":84}},"1":{"start":{"line":4,"column":17},"end":{"line":4,"column":57}},"2":{"start":{"line":9,"column":2},"end":{"line":13,"column":4}}},"fnMap":{"0":{"name":"ON_MOBILE_DEVICE","decl":{"start":{"line":8,"column":16},"end":{"line":8,"column":32}},"loc":{"start":{"line":8,"column":35},"end":{"line":14,"column":1}},"line":8}},"branchMap":{"0":{"loc":{"start":{"line":10,"column":4},"end":{"line":12,"column":61}},"type":"binary-expr","locations":[{"start":{"line":10,"column":5},"end":{"line":10,"column":19}},{"start":{"line":10,"column":23},"end":{"line":10,"column":38}},{"start":{"line":10,"column":42},"end":{"line":10,"column":57}},{"start":{"line":11,"column":4},"end":{"line":11,"column":50}},{"start":{"line":12,"column":4},"end":{"line":12,"column":61}}],"line":10}},"s":{"0":45,"1":45,"2":0},"f":{"0":0},"b":{"0":[0,0,0,0,0]},"_coverageSchema":"43e27e138ebf9cfc5966b082cf9a028302ed4184","hash":"7072e907012bf87052ca742bf530039ddb0bfb6c"}
,"/Users/maxmeijer/repos/kudos-frontend/src/config/settings.production.js": {"path":"/Users/maxmeijer/repos/kudos-frontend/src/config/settings.production.js","statementMap":{},"fnMap":{},"branchMap":{},"s":{},"f":{},"b":{},"hash":"12f0e77fbfe5d2ecf08b68969c1641024167b630"}
,"/Users/maxmeijer/repos/kudos-frontend/src/config/settings.test.js": {"path":"/Users/maxmeijer/repos/kudos-frontend/src/config/settings.test.js","statementMap":{},"fnMap":{},"branchMap":{},"s":{},"f":{},"b":{},"_coverageSchema":"43e27e138ebf9cfc5966b082cf9a028302ed4184","hash":"bc7ee82681d1582498ee646db8aaa37416e811ab"}
,"/Users/maxmeijer/repos/kudos-frontend/src/modules/choose-team/ChooseTeamPage.tsx": {"path":"/Users/maxmeijer/repos/kudos-frontend/src/modules/choose-team/ChooseTeamPage.tsx","statementMap":{"0":{"start":{"line":19,"column":2},"end":{"line":38,"column":4}},"1":{"start":{"line":32,"column":10},"end":{"line":32,"column":47}},"2":{"start":{"line":46,"column":2},"end":{"line":67,"column":4}}},"fnMap":{"0":{"name":"Content","decl":{"start":{"line":18,"column":16},"end":{"line":18,"column":23}},"loc":{"start":{"line":18,"column":65},"end":{"line":39,"column":1}},"line":18},"1":{"name":"(anonymous_1)","decl":{"start":{"line":31,"column":17},"end":{"line":31,"column":18}},"loc":{"start":{"line":31,"column":23},"end":{"line":33,"column":9}},"line":31},"2":{"name":"ChooseTeamPage","decl":{"start":{"line":45,"column":9},"end":{"line":45,"column":23}},"loc":{"start":{"line":45,"column":58},"end":{"line":68,"column":1}},"line":45}},"branchMap":{},"s":{"0":4,"1":1,"2":0},"f":{"0":4,"1":1,"2":0},"b":{},"_coverageSchema":"43e27e138ebf9cfc5966b082cf9a028302ed4184","hash":"5fa85baf820a882e6e064b850a842ad0f1f980f4"}
,"/Users/maxmeijer/repos/kudos-frontend/src/modules/choose-team/CreateTeamPage.tsx": {"path":"/Users/maxmeijer/repos/kudos-frontend/src/modules/choose-team/CreateTeamPage.tsx","statementMap":{"0":{"start":{"line":15,"column":36},"end":{"line":23,"column":1}},"1":{"start":{"line":50,"column":4},"end":{"line":50,"column":17}},"2":{"start":{"line":52,"column":4},"end":{"line":55,"column":6}},"3":{"start":{"line":57,"column":4},"end":{"line":57,"column":35}},"4":{"start":{"line":59,"column":4},"end":{"line":59,"column":49}},"5":{"start":{"line":60,"column":4},"end":{"line":60,"column":53}},"6":{"start":{"line":61,"column":4},"end":{"line":61,"column":47}},"7":{"start":{"line":65,"column":21},"end":{"line":65,"column":31}},"8":{"start":{"line":66,"column":4},"end":{"line":66,"column":33}},"9":{"start":{"line":68,"column":4},"end":{"line":71,"column":5}},"10":{"start":{"line":69,"column":6},"end":{"line":69,"column":49}},"11":{"start":{"line":70,"column":6},"end":{"line":70,"column":18}},"12":{"start":{"line":72,"column":4},"end":{"line":72,"column":17}},"13":{"start":{"line":76,"column":21},"end":{"line":76,"column":31}},"14":{"start":{"line":78,"column":4},"end":{"line":80,"column":5}},"15":{"start":{"line":79,"column":6},"end":{"line":79,"column":13}},"16":{"start":{"line":82,"column":4},"end":{"line":86,"column":7}},"17":{"start":{"line":91,"column":4},"end":{"line":91,"column":37}},"18":{"start":{"line":95,"column":4},"end":{"line":147,"column":6}},"19":{"start":{"line":102,"column":34},"end":{"line":102,"column":73}},"20":{"start":{"line":104,"column":16},"end":{"line":104,"column":49}},"21":{"start":{"line":105,"column":16},"end":{"line":105,"column":81}},"22":{"start":{"line":106,"column":16},"end":{"line":106,"column":57}},"23":{"start":{"line":107,"column":16},"end":{"line":107,"column":51}},"24":{"start":{"line":111,"column":16},"end":{"line":140,"column":23}},"25":{"start":{"line":130,"column":35},"end":{"line":130,"column":62}}},"fnMap":{"0":{"name":"(anonymous_0)","decl":{"start":{"line":49,"column":2},"end":{"line":49,"column":3}},"loc":{"start":{"line":49,"column":28},"end":{"line":62,"column":3}},"line":49},"1":{"name":"(anonymous_1)","decl":{"start":{"line":64,"column":2},"end":{"line":64,"column":3}},"loc":{"start":{"line":64,"column":14},"end":{"line":73,"column":3}},"line":64},"2":{"name":"(anonymous_2)","decl":{"start":{"line":75,"column":2},"end":{"line":75,"column":3}},"loc":{"start":{"line":75,"column":26},"end":{"line":87,"column":3}},"line":75},"3":{"name":"(anonymous_3)","decl":{"start":{"line":89,"column":2},"end":{"line":89,"column":3}},"loc":{"start":{"line":89,"column":53},"end":{"line":92,"column":3}},"line":89},"4":{"name":"(anonymous_4)","decl":{"start":{"line":94,"column":2},"end":{"line":94,"column":3}},"loc":{"start":{"line":94,"column":11},"end":{"line":148,"column":3}},"line":94},"5":{"name":"(anonymous_5)","decl":{"start":{"line":102,"column":23},"end":{"line":102,"column":24}},"loc":{"start":{"line":102,"column":34},"end":{"line":102,"column":73}},"line":102},"6":{"name":"(anonymous_6)","decl":{"start":{"line":103,"column":27},"end":{"line":103,"column":28}},"loc":{"start":{"line":103,"column":47},"end":{"line":108,"column":15}},"line":103},"7":{"name":"(anonymous_7)","decl":{"start":{"line":110,"column":15},"end":{"line":110,"column":16}},"loc":{"start":{"line":111,"column":16},"end":{"line":140,"column":23}},"line":111},"8":{"name":"(anonymous_8)","decl":{"start":{"line":130,"column":29},"end":{"line":130,"column":30}},"loc":{"start":{"line":130,"column":35},"end":{"line":130,"column":62}},"line":130}},"branchMap":{"0":{"loc":{"start":{"line":68,"column":4},"end":{"line":71,"column":5}},"type":"if","locations":[{"start":{"line":68,"column":4},"end":{"line":71,"column":5}},{"start":{"line":68,"column":4},"end":{"line":71,"column":5}}],"line":68},"1":{"loc":{"start":{"line":78,"column":4},"end":{"line":80,"column":5}},"type":"if","locations":[{"start":{"line":78,"column":4},"end":{"line":80,"column":5}},{"start":{"line":78,"column":4},"end":{"line":80,"column":5}}],"line":78},"2":{"loc":{"start":{"line":134,"column":19},"end":{"line":139,"column":19}},"type":"binary-expr","locations":[{"start":{"line":134,"column":19},"end":{"line":134,"column":35}},{"start":{"line":135,"column":20},"end":{"line":138,"column":30}}],"line":134}},"s":{"0":1,"1":9,"2":9,"3":9,"4":9,"5":9,"6":9,"7":5,"8":5,"9":5,"10":1,"11":1,"12":4,"13":5,"14":5,"15":1,"16":4,"17":1,"18":26,"19":1,"20":3,"21":3,"22":3,"23":3,"24":30,"25":5},"f":{"0":9,"1":5,"2":5,"3":1,"4":26,"5":1,"6":3,"7":30,"8":5},"b":{"0":[1,4],"1":[1,4],"2":[30,2]},"_coverageSchema":"43e27e138ebf9cfc5966b082cf9a028302ed4184","hash":"0c4f38b7ce75fd165818001055de38dbdd57cb35"}
,"/Users/maxmeijer/repos/kudos-frontend/src/modules/choose-team/index.ts": {"path":"/Users/maxmeijer/repos/kudos-frontend/src/modules/choose-team/index.ts","statementMap":{},"fnMap":{},"branchMap":{},"s":{},"f":{},"b":{},"hash":"eeb852138390afabfe5bad1188b9da10f0b6b195"}
,"/Users/maxmeijer/repos/kudos-frontend/src/modules/choose-team/utils.ts": {"path":"/Users/maxmeijer/repos/kudos-frontend/src/modules/choose-team/utils.ts","statementMap":{"0":{"start":{"line":4,"column":2},"end":{"line":4,"column":51}},"1":{"start":{"line":5,"column":2},"end":{"line":5,"column":50}}},"fnMap":{"0":{"name":"selectTeam","decl":{"start":{"line":3,"column":16},"end":{"line":3,"column":26}},"loc":{"start":{"line":3,"column":53},"end":{"line":6,"column":1}},"line":3}},"branchMap":{},"s":{"0":3,"1":3},"f":{"0":3},"b":{},"_coverageSchema":"43e27e138ebf9cfc5966b082cf9a028302ed4184","hash":"d6df5427721edb5b21eaa6fd998a0e7c5ef7deeb"}
,"/Users/maxmeijer/repos/kudos-frontend/src/modules/choose-team/components/ChoiceButton.tsx": {"path":"/Users/maxmeijer/repos/kudos-frontend/src/modules/choose-team/components/ChoiceButton.tsx","statementMap":{"0":{"start":{"line":25,"column":2},"end":{"line":79,"column":4}},"1":{"start":{"line":29,"column":8},"end":{"line":31,"column":9}},"2":{"start":{"line":30,"column":10},"end":{"line":30,"column":17}},"3":{"start":{"line":34,"column":8},"end":{"line":39,"column":9}},"4":{"start":{"line":35,"column":10},"end":{"line":35,"column":61}},"5":{"start":{"line":38,"column":10},"end":{"line":38,"column":17}},"6":{"start":{"line":40,"column":8},"end":{"line":40,"column":50}},"7":{"start":{"line":40,"column":43},"end":{"line":40,"column":50}},"8":{"start":{"line":41,"column":25},"end":{"line":52,"column":9}},"9":{"start":{"line":48,"column":31},"end":{"line":48,"column":59}},"10":{"start":{"line":53,"column":8},"end":{"line":56,"column":11}},"11":{"start":{"line":60,"column":8},"end":{"line":76,"column":17}},"12":{"start":{"line":66,"column":12},"end":{"line":66,"column":70}},"13":{"start":{"line":67,"column":12},"end":{"line":71,"column":13}},"14":{"start":{"line":68,"column":14},"end":{"line":68,"column":73}},"15":{"start":{"line":69,"column":14},"end":{"line":69,"column":58}},"16":{"start":{"line":70,"column":14},"end":{"line":70,"column":44}},"17":{"start":{"line":72,"column":12},"end":{"line":72,"column":56}}},"fnMap":{"0":{"name":"ChoiceButton","decl":{"start":{"line":24,"column":9},"end":{"line":24,"column":21}},"loc":{"start":{"line":24,"column":56},"end":{"line":80,"column":1}},"line":24},"1":{"name":"(anonymous_1)","decl":{"start":{"line":28,"column":14},"end":{"line":28,"column":15}},"loc":{"start":{"line":28,"column":54},"end":{"line":57,"column":7}},"line":28},"2":{"name":"(anonymous_2)","decl":{"start":{"line":48,"column":16},"end":{"line":48,"column":17}},"loc":{"start":{"line":48,"column":31},"end":{"line":48,"column":59}},"line":48},"3":{"name":"(anonymous_3)","decl":{"start":{"line":59,"column":7},"end":{"line":59,"column":8}},"loc":{"start":{"line":60,"column":8},"end":{"line":76,"column":17}},"line":60},"4":{"name":"(anonymous_4)","decl":{"start":{"line":65,"column":19},"end":{"line":65,"column":20}},"loc":{"start":{"line":65,"column":25},"end":{"line":73,"column":11}},"line":65}},"branchMap":{"0":{"loc":{"start":{"line":29,"column":8},"end":{"line":31,"column":9}},"type":"if","locations":[{"start":{"line":29,"column":8},"end":{"line":31,"column":9}},{"start":{"line":29,"column":8},"end":{"line":31,"column":9}}],"line":29},"1":{"loc":{"start":{"line":40,"column":8},"end":{"line":40,"column":50}},"type":"if","locations":[{"start":{"line":40,"column":8},"end":{"line":40,"column":50}},{"start":{"line":40,"column":8},"end":{"line":40,"column":50}}],"line":40},"2":{"loc":{"start":{"line":40,"column":12},"end":{"line":40,"column":41}},"type":"binary-expr","locations":[{"start":{"line":40,"column":12},"end":{"line":40,"column":21}},{"start":{"line":40,"column":25},"end":{"line":40,"column":41}}],"line":40},"3":{"loc":{"start":{"line":67,"column":12},"end":{"line":71,"column":13}},"type":"if","locations":[{"start":{"line":67,"column":12},"end":{"line":71,"column":13}},{"start":{"line":67,"column":12},"end":{"line":71,"column":13}}],"line":67}},"s":{"0":33,"1":5,"2":4,"3":1,"4":1,"5":1,"6":0,"7":0,"8":0,"9":0,"10":0,"11":39,"12":5,"13":5,"14":4,"15":4,"16":4,"17":5},"f":{"0":33,"1":5,"2":0,"3":39,"4":5},"b":{"0":[4,1],"1":[0,0],"2":[0,0],"3":[4,1]},"_coverageSchema":"43e27e138ebf9cfc5966b082cf9a028302ed4184","hash":"637458199cb3722f97e8d19d8bca899c636d69b0"}
,"/Users/maxmeijer/repos/kudos-frontend/src/modules/choose-team/components/Invite.tsx": {"path":"/Users/maxmeijer/repos/kudos-frontend/src/modules/choose-team/components/Invite.tsx","statementMap":{"0":{"start":{"line":8,"column":38},"end":{"line":16,"column":1}},"1":{"start":{"line":18,"column":39},"end":{"line":26,"column":1}},"2":{"start":{"line":41,"column":2},"end":{"line":60,"column":4}}},"fnMap":{"0":{"name":"Invite","decl":{"start":{"line":40,"column":16},"end":{"line":40,"column":22}},"loc":{"start":{"line":40,"column":57},"end":{"line":61,"column":1}},"line":40}},"branchMap":{},"s":{"0":5,"1":5,"2":11},"f":{"0":11},"b":{},"_coverageSchema":"43e27e138ebf9cfc5966b082cf9a028302ed4184","hash":"3b29ba49cda2aea94fb64af42511278357cb8479"}
[...]
6,"column":51}},"37":{"start":{"line":171,"column":16},"end":{"line":173,"column":17}},"38":{"start":{"line":172,"column":18},"end":{"line":172,"column":56}},"39":{"start":{"line":174,"column":16},"end":{"line":176,"column":17}},"40":{"start":{"line":175,"column":18},"end":{"line":175,"column":50}},"41":{"start":{"line":177,"column":16},"end":{"line":235,"column":18}},"42":{"start":{"line":224,"column":37},"end":{"line":224,"column":70}}},"fnMap":{"0":{"name":"(anonymous_0)","decl":{"start":{"line":67,"column":2},"end":{"line":67,"column":3}},"loc":{"start":{"line":67,"column":28},"end":{"line":89,"column":3}},"line":67},"1":{"name":"(anonymous_1)","decl":{"start":{"line":91,"column":2},"end":{"line":91,"column":3}},"loc":{"start":{"line":91,"column":16},"end":{"line":128,"column":3}},"line":91},"2":{"name":"(anonymous_2)","decl":{"start":{"line":130,"column":2},"end":{"line":130,"column":3}},"loc":{"start":{"line":130,"column":29},"end":{"line":144,"column":3}},"line":130},"3":{"name":"(anonymous_3)","decl":{"start":{"line":146,"column":2},"end":{"line":146,"column":3}},"loc":{"start":{"line":146,"column":53},"end":{"line":153,"column":3}},"line":146},"4":{"name":"(anonymous_4)","decl":{"start":{"line":155,"column":2},"end":{"line":155,"column":3}},"loc":{"start":{"line":155,"column":11},"end":{"line":243,"column":3}},"line":155},"5":{"name":"(anonymous_5)","decl":{"start":{"line":163,"column":27},"end":{"line":163,"column":28}},"loc":{"start":{"line":163,"column":33},"end":{"line":167,"column":15}},"line":163},"6":{"name":"(anonymous_6)","decl":{"start":{"line":169,"column":15},"end":{"line":169,"column":16}},"loc":{"start":{"line":169,"column":54},"end":{"line":236,"column":15}},"line":169},"7":{"name":"(anonymous_7)","decl":{"start":{"line":224,"column":31},"end":{"line":224,"column":32}},"loc":{"start":{"line":224,"column":37},"end":{"line":224,"column":70}},"line":224}},"branchMap":{"0":{"loc":{"start":{"line":96,"column":4},"end":{"line":99,"column":5}},"type":"if","locations":[{"start":{"line":96,"column":4},"end":{"line":99,"column":5}},{"start":{"line":96,"column":4},"end":{"line":99,"column":5}}],"line":96},"1":{"loc":{"start":{"line":100,"column":4},"end":{"line":103,"column":5}},"type":"if","locations":[{"start":{"line":100,"column":4},"end":{"line":103,"column":5}},{"start":{"line":100,"column":4},"end":{"line":103,"column":5}}],"line":100},"2":{"loc":{"start":{"line":104,"column":4},"end":{"line":110,"column":5}},"type":"if","locations":[{"start":{"line":104,"column":4},"end":{"line":110,"column":5}},{"start":{"line":104,"column":4},"end":{"line":110,"column":5}}],"line":104},"3":{"loc":{"start":{"line":111,"column":4},"end":{"line":118,"column":5}},"type":"if","locations":[{"start":{"line":111,"column":4},"end":{"line":118,"column":5}},{"start":{"line":111,"column":4},"end":{"line":118,"column":5}}],"line":111},"4":{"loc":{"start":{"line":119,"column":4},"end":{"line":126,"column":5}},"type":"if","locations":[{"start":{"line":119,"column":4},"end":{"line":126,"column":5}},{"start":{"line":119,"column":4},"end":{"line":126,"column":5}}],"line":119},"5":{"loc":{"start":{"line":133,"column":4},"end":{"line":135,"column":5}},"type":"if","locations":[{"start":{"line":133,"column":4},"end":{"line":135,"column":5}},{"start":{"line":133,"column":4},"end":{"line":135,"column":5}}],"line":133},"6":{"loc":{"start":{"line":150,"column":4},"end":{"line":152,"column":5}},"type":"if","locations":[{"start":{"line":150,"column":4},"end":{"line":152,"column":5}},{"start":{"line":150,"column":4},"end":{"line":152,"column":5}}],"line":150},"7":{"loc":{"start":{"line":150,"column":8},"end":{"line":150,"column":89}},"type":"binary-expr","locations":[{"start":{"line":150,"column":8},"end":{"line":150,"column":69}},{"start":{"line":150,"column":73},"end":{"line":150,"column":89}}],"line":150},"8":{"loc":{"start":{"line":171,"column":16},"end":{"line":173,"column":17}},"type":"if","locations":[{"start":{"line":171,"column":16},"end":{"line":173,"column":17}},{"start":{"line":171,"column":16},"end":{"line":173,"column":17}}],"line":171},"9":{"loc":{"start":{"line":174,"column":16},"end":{"line":176,"column":17}},"type":"if","locations":[{"start":{"line":174,"column":16},"end":{"line":176,"column":17}},{"start":{"line":174,"column":16},"end":{"line":176,"column":17}}],"line":174},"10":{"loc":{"start":{"line":228,"column":21},"end":{"line":233,"column":21}},"type":"binary-expr","locations":[{"start":{"line":228,"column":21},"end":{"line":228,"column":33}},{"start":{"line":229,"column":22},"end":{"line":232,"column":32}}],"line":228}},"s":{"0":1,"1":7,"2":7,"3":7,"4":7,"5":7,"6":7,"7":7,"8":6,"9":6,"10":6,"11":1,"12":1,"13":5,"14":1,"15":1,"16":4,"17":1,"18":1,"19":3,"20":1,"21":1,"22":2,"23":1,"24":1,"25":1,"26":6,"27":6,"28":5,"29":1,"30":12,"31":12,"32":0,"33":20,"34":1,"35":1,"36":1,"37":21,"38":0,"39":21,"40":5,"41":21,"42":6},"f":{"0":7,"1":6,"2":6,"3":12,"4":20,"5":1,"6":21,"7":6},"b":{"0":[1,5],"1":[1,4],"2":[1,3],"3":[1,2],"4":[1,1],"5":[5,1],"6":[0,12],"7":[12,12],"8":[0,21],"9":[5,16],"10":[21,5]},"_coverageSchema":"43e27e138ebf9cfc5966b082cf9a028302ed4184","hash":"50ab635a032b99a441b6a66c1065a9d191ab8873"}
,"/Users/maxmeijer/repos/kudos-frontend/src/modules/user/UserPage.tsx": {"path":"/Users/maxmeijer/repos/kudos-frontend/src/modules/user/UserPage.tsx","statementMap":{"0":{"start":{"line":13,"column":24},"end":{"line":20,"column":1}},"1":{"start":{"line":38,"column":2},"end":{"line":79,"column":4}},"2":{"start":{"line":44,"column":14},"end":{"line":58,"column":20}},"3":{"start":{"line":67,"column":27},"end":{"line":67,"column":66}},"4":{"start":{"line":71,"column":45},"end":{"line":71,"column":53}}},"fnMap":{"0":{"name":"UserPage","decl":{"start":{"line":37,"column":16},"end":{"line":37,"column":24}},"loc":{"start":{"line":37,"column":59},"end":{"line":80,"column":1}},"line":37},"1":{"name":"(anonymous_1)","decl":{"start":{"line":43,"column":13},"end":{"line":43,"column":14}},"loc":{"start":{"line":44,"column":14},"end":{"line":58,"column":20}},"line":44},"2":{"name":"(anonymous_2)","decl":{"start":{"line":67,"column":21},"end":{"line":67,"column":22}},"loc":{"start":{"line":67,"column":27},"end":{"line":67,"column":66}},"line":67},"3":{"name":"(anonymous_3)","decl":{"start":{"line":71,"column":39},"end":{"line":71,"column":40}},"loc":{"start":{"line":71,"column":45},"end":{"line":71,"column":53}},"line":71}},"branchMap":{"0":{"loc":{"start":{"line":45,"column":40},"end":{"line":45,"column":93}},"type":"cond-expr","locations":[{"start":{"line":45,"column":62},"end":{"line":45,"column":78}},{"start":{"line":45,"column":81},"end":{"line":45,"column":93}}],"line":45},"1":{"loc":{"start":{"line":45,"column":40},"end":{"line":45,"column":59}},"type":"binary-expr","locations":[{"start":{"line":45,"column":40},"end":{"line":45,"column":44}},{"start":{"line":45,"column":48},"end":{"line":45,"column":59}}],"line":45},"2":{"loc":{"start":{"line":47,"column":23},"end":{"line":47,"column":70}},"type":"cond-expr","locations":[{"start":{"line":47,"column":45},"end":{"line":47,"column":63}},{"start":{"line":47,"column":66},"end":{"line":47,"column":70}}],"line":47},"3":{"loc":{"start":{"line":47,"column":23},"end":{"line":47,"column":42}},"type":"binary-expr","locations":[{"start":{"line":47,"column":23},"end":{"line":47,"column":27}},{"start":{"line":47,"column":31},"end":{"line":47,"column":42}}],"line":47}},"s":{"0":2,"1":8,"2":16,"3":1,"4":0},"f":{"0":8,"1":16,"2":1,"3":0},"b":{"0":[8,8],"1":[16,8],"2":[8,8],"3":[16,8]},"_coverageSchema":"43e27e138ebf9cfc5966b082cf9a028302ed4184","hash":"c33d6c78a6b484aa182e02ea3ec237171145889d"}
,"/Users/maxmeijer/repos/kudos-frontend/src/modules/user/index.ts": {"path":"/Users/maxmeijer/repos/kudos-frontend/src/modules/user/index.ts","statementMap":{},"fnMap":{},"branchMap":{},"s":{},"f":{},"b":{},"_coverageSchema":"43e27e138ebf9cfc5966b082cf9a028302ed4184","hash":"60ead9513235a92e140ae0b65eb632e639f1fdbc"}
,"/Users/maxmeijer/repos/kudos-frontend/src/support/auth.ts": {"path":"/Users/maxmeijer/repos/kudos-frontend/src/support/auth.ts","statementMap":{"0":{"start":{"line":6,"column":26},"end":{"line":6,"column":99}},"1":{"start":{"line":6,"column":41},"end":{"line":6,"column":99}},"2":{"start":{"line":8,"column":23},"end":{"line":8,"column":91}},"3":{"start":{"line":8,"column":38},"end":{"line":8,"column":91}},"4":{"start":{"line":10,"column":27},"end":{"line":10,"column":95}},"5":{"start":{"line":10,"column":42},"end":{"line":10,"column":95}},"6":{"start":{"line":12,"column":22},"end":{"line":17,"column":1}},"7":{"start":{"line":13,"column":2},"end":{"line":13,"column":28}},"8":{"start":{"line":14,"column":2},"end":{"line":14,"column":23}},"9":{"start":{"line":16,"column":2},"end":{"line":16,"column":27}}},"fnMap":{"0":{"name":"(anonymous_0)","decl":{"start":{"line":6,"column":26},"end":{"line":6,"column":27}},"loc":{"start":{"line":6,"column":41},"end":{"line":6,"column":99}},"line":6},"1":{"name":"(anonymous_1)","decl":{"start":{"line":8,"column":23},"end":{"line":8,"column":24}},"loc":{"start":{"line":8,"column":38},"end":{"line":8,"column":91}},"line":8},"2":{"name":"(anonymous_2)","decl":{"start":{"line":10,"column":27},"end":{"line":10,"column":28}},"loc":{"start":{"line":10,"column":42},"end":{"line":10,"column":95}},"line":10},"3":{"name":"(anonymous_3)","decl":{"start":{"line":12,"column":22},"end":{"line":12,"column":23}},"loc":{"start":{"line":12,"column":34},"end":{"line":17,"column":1}},"line":12}},"branchMap":{},"s":{"0":30,"1":9,"2":30,"3":0,"4":30,"5":15,"6":30,"7":0,"8":0,"9":0},"f":{"0":9,"1":0,"2":15,"3":0},"b":{},"_coverageSchema":"43e27e138ebf9cfc5966b082cf9a028302ed4184","hash":"6ab8e5464cecbea28debd8f6d3e8ed05b3c4b323"}
,"/Users/maxmeijer/repos/kudos-frontend/src/support/calculateProgress.ts": {"path":"/Users/maxmeijer/repos/kudos-frontend/src/support/calculateProgress.ts","statementMap":{"0":{"start":{"line":3,"column":26},"end":{"line":31,"column":1}},"1":{"start":{"line":4,"column":2},"end":{"line":4,"column":60}},"2":{"start":{"line":4,"column":31},"end":{"line":4,"column":58}},"3":{"start":{"line":7,"column":2},"end":{"line":13,"column":3}},"4":{"start":{"line":8,"column":4},"end":{"line":8,"column":59}},"5":{"start":{"line":8,"column":36},"end":{"line":8,"column":57}},"6":{"start":{"line":9,"column":4},"end":{"line":9,"column":93}},"7":{"start":{"line":9,"column":61},"end":{"line":9,"column":83}},"8":{"start":{"line":11,"column":4},"end":{"line":11,"column":21}},"9":{"start":{"line":12,"column":4},"end":{"line":12,"column":27}},"10":{"start":{"line":15,"column":19},"end":{"line":15,"column":24}},"11":{"start":{"line":16,"column":22},"end":{"line":16,"column":29}},"12":{"start":{"line":17,"column":2},"end":{"line":28,"column":3}},"13":{"start":{"line":18,"column":4},"end":{"line":25,"column":5}},"14":{"start":{"line":19,"column":6},"end":{"line":19,"column":42}},"15":{"start":{"line":20,"column":19},"end":{"line":20,"column":55}},"16":{"start":{"line":22,"column":6},"end":{"line":22,"column":67}},"17":{"start":{"line":24,"column":6},"end":{"line":24,"column":89}},"18":{"start":{"line":26,"column":4},"end":{"line":26,"column":39}},"19":{"start":{"line":26,"column":24},"end":{"line":26,"column":39}},"20":{"start":{"line":27,"column":4},"end":{"line":27,"column":47}},"21":{"start":{"line":27,"column":28},"end":{"line":27,"column":47}},"22":{"start":{"line":30,"column":2},"end":{"line":30,"column":32}}},"fnMap":{"0":{"name":"(anonymous_0)","decl":{"start":{"line":3,"column":26},"end":{"line":3,"column":27}},"loc":{"start":{"line":3,"column":83},"end":{"line":31,"column":1}},"line":3},"1":{"name":"(anonymous_1)","decl":{"start":{"line":4,"column":13},"end":{"line":4,"column":14}},"loc":{"start":{"line":4,"column":31},"end":{"line":4,"column":58}},"line":4},"2":{"name":"(anonymous_2)","decl":{"start":{"line":8,"column":26},"end":{"line":8,"column":27}},"loc":{"start":{"line":8,"column":36},"end":{"line":8,"column":57}},"line":8},"3":{"name":"(anonymous_3)","decl":{"start":{"line":9,"column":51},"end":{"line":9,"column":52}},"loc":{"start":{"line":9,"column":61},"end":{"line":9,"column":83}},"line":9}},"branchMap":{"0":{"loc":{"start":{"line":3,"column":59},"end":{"line":3,"column":70}},"type":"default-arg","locations":[{"start":{"line":3,"column":67},"end":{"line":3,"column":70}}],"line":3},"1":{"loc":{"start":{"line":7,"column":2},"end":{"line":13,"column":3}},"type":"if","locations":[{"start":{"line":7,"column":2},"end":{"line":13,"column":3}},{"start":{"line":7,"column":2},"end":{"line":13,"column":3}}],"line":7},"2":{"loc":{"start":{"line":17,"column":2},"end":{"line":28,"column":3}},"type":"if","locations":[{"start":{"line":17,"column":2},"end":{"line":28,"column":3}},{"start":{"line":17,"column":2},"end":{"line":28,"column":3}}],"line":17},"3":{"loc":{"start":{"line":18,"column":4},"end":{"line":25,"column":5}},"type":"if","locations":[{"start":{"line":18,"column":4},"end":{"line":25,"column":5}},{"start":{"line":18,"column":4},"end":{"line":25,"column":5}}],"line":18},"4":{"loc":{"start":{"line":26,"column":4},"end":{"line":26,"column":39}},"type":"if","locations":[{"start":{"line":26,"column":4},"end":{"line":26,"column":39}},{"start":{"line":26,"column":4},"end":{"line":26,"column":39}}],"line":26},"5":{"loc":{"start":{"line":27,"column":4},"end":{"line":27,"column":47}},"type":"if","locations":[{"start":{"line":27,"column":4},"end":{"line":27,"column":47}},{"start":{"line":27,"column":4},"end":{"line":27,"column":47}}],"line":27}},"s":{"0":30,"1":27,"2":22,"3":27,"4":27,"5":49,"6":27,"7":49,"8":0,"9":0,"10":27,"11":27,"12":27,"13":27,"14":22,"15":22,"16":22,"17":5,"18":27,"19":0,"20":27,"21":0,"22":27},"f":{"0":27,"1":22,"2":49,"3":49},"b":{"0":[16],"1":[27,0],"2":[27,0],"3":[22,5],"4":[0,27],"5":[0,27]},"_coverageSchema":"43e27e138ebf9cfc5966b082cf9a028302ed4184","hash":"4565e7694745ce82b3addcd4ab1fc35dafaeb62d"}
,"/Users/maxmeijer/repos/kudos-frontend/src/support/color.ts": {"path":"/Users/maxmeijer/repos/kudos-frontend/src/support/color.ts","statementMap":{"0":{"start":{"line":1,"column":15},"end":{"line":1,"column":35}},"1":{"start":{"line":3,"column":22},"end":{"line":3,"column":70}},"2":{"start":{"line":5,"column":30},"end":{"line":10,"column":1}},"3":{"start":{"line":6,"column":20},"end":{"line":6,"column":42}},"4":{"start":{"line":7,"column":2},"end":{"line":7,"column":44}},"5":{"start":{"line":7,"column":27},"end":{"line":7,"column":44}},"6":{"start":{"line":8,"column":2},"end":{"line":8,"column":39}},"7":{"start":{"line":8,"column":23},"end":{"line":8,"column":39}},"8":{"start":{"line":9,"column":2},"end":{"line":9,"column":29}}},"fnMap":{"0":{"name":"(anonymous_0)","decl":{"start":{"line":5,"column":30},"end":{"line":5,"column":31}},"loc":{"start":{"line":5,"column":54},"end":{"line":10,"column":1}},"line":5}},"branchMap":{"0":{"loc":{"start":{"line":7,"column":2},"end":{"line":7,"column":44}},"type":"if","locations":[{"start":{"line":7,"column":2},"end":{"line":7,"column":44}},{"start":{"line":7,"column":2},"end":{"line":7,"column":44}}],"line":7},"1":{"loc":{"start":{"line":8,"column":2},"end":{"line":8,"column":39}},"type":"if","locations":[{"start":{"line":8,"column":2},"end":{"line":8,"column":39}},{"start":{"line":8,"column":2},"end":{"line":8,"column":39}}],"line":8}},"s":{"0":30,"1":30,"2":30,"3":26,"4":26,"5":0,"6":26,"7":0,"8":26},"f":{"0":26},"b":{"0":[0,26],"1":[0,26]},"_coverageSchema":"43e27e138ebf9cfc5966b082cf9a028302ed4184","hash":"29499ef5086180e00843c7fae7bee9f62b6aa578"}
,"/Users/maxmeijer/repos/kudos-frontend/src/support/errors.ts": {"path":"/Users/maxmeijer/repos/kudos-frontend/src/support/errors.ts","statementMap":{"0":{"start":{"line":3,"column":34},"end":{"line":3,"column":63}},"1":{"start":{"line":5,"column":35},"end":{"line":5,"column":51}},"2":{"start":{"line":6,"column":33},"end":{"line":6,"column":57}},"3":{"start":{"line":7,"column":33},"end":{"line":7,"column":56}},"4":{"start":{"line":9,"column":32},"end":{"line":9,"column":62}},"5":{"start":{"line":11,"column":35},"end":{"line":11,"column":60}},"6":{"start":{"line":12,"column":40},"end":{"line":12,"column":114}},"7":{"start":{"line":13,"column":40},"end":{"line":13,"column":119}},"8":{"start":{"line":15,"column":37},"end":{"line":15,"column":77}},"9":{"start":{"line":17,"column":36},"end":{"line":17,"column":117}},"10":{"start":{"line":18,"column":36},"end":{"line":18,"column":70}},"11":{"start":{"line":19,"column":40},"end":{"line":19,"column":70}},"12":{"start":{"line":20,"column":49},"end":{"line":20,"column":88}},"13":{"start":{"line":21,"column":36},"end":{"line":21,"column":59}},"14":{"start":{"line":22,"column":32},"end":{"line":22,"column":54}}},"fnMap":{},"branchMap":{},"s":{"0":30,"1":30,"2":30,"3":30,"4":30,"5":30,"6":30,"7":30,"8":30,"9":30,"10":30,"11":30,"12":30,"13":30,"14":30},"f":{},"b":{},"_coverageSchema":"43e27e138ebf9cfc5966b082cf9a028302ed4184","hash":"e94f9dc3b88375232b6688f643a09dc5ec417fc0"}
,"/Users/maxmeijer/repos/kudos-frontend/src/support/getGraphqlError.ts": {"path":"/Users/maxmeijer/repos/kudos-frontend/src/support/getGraphqlError.ts","statementMap":{"0":{"start":{"line":1,"column":24},"end":{"line":4,"column":30}},"1":{"start":{"line":2,"column":2},"end":{"line":4,"column":29}}},"fnMap":{"0":{"name":"(anonymous_0)","decl":{"start":{"line":1,"column":24},"end":{"line":1,"column":25}},"loc":{"start":{"line":2,"column":2},"end":{"line":4,"column":29}},"line":2}},"branchMap":{"0":{"loc":{"start":{"line":2,"column":2},"end":{"line":4,"column":29}},"type":"cond-expr","locations":[{"start":{"line":3,"column":6},"end":{"line":3,"column":33}},{"start":{"line":4,"column":6},"end":{"line":4,"column":29}}],"line":2}},"s":{"0":30,"1":5},"f":{"0":5},"b":{"0":[0,5]},"_coverageSchema":"43e27e138ebf9cfc5966b082cf9a028302ed4184","hash":"246897ebb7e8a22ac0d30b1e5f4d6fd32b5ed337"}
,"/Users/maxmeijer/repos/kudos-frontend/src/support/history.ts": {"path":"/Users/maxmeijer/repos/kudos-frontend/src/support/history.ts","statementMap":{"0":{"start":{"line":4,"column":16},"end":{"line":4,"column":35}}},"fnMap":{},"branchMap":{},"s":{"0":30},"f":{},"b":{},"_coverageSchema":"43e27e138ebf9cfc5966b082cf9a028302ed4184","hash":"1c6ced46f6ad6ab767d252b0bd2db288949ddea8"}
,"/Users/maxmeijer/repos/kudos-frontend/src/support/index.ts": {"path":"/Users/maxmeijer/repos/kudos-frontend/src/support/index.ts","statementMap":{},"fnMap":{},"branchMap":{},"s":{},"f":{},"b":{},"_coverageSchema":"43e27e138ebf9cfc5966b082cf9a028302ed4184","hash":"407e29b73bcf5f77d5752d5258ac3df31b75aca1"}
,"/Users/maxmeijer/repos/kudos-frontend/src/support/validators.ts": {"path":"/Users/maxmeijer/repos/kudos-frontend/src/support/validators.ts","statementMap":{"0":{"start":{"line":6,"column":11},"end":{"line":6,"column":166}},"1":{"start":{"line":7,"column":2},"end":{"line":7,"column":24}},"2":{"start":{"line":11,"column":2},"end":{"line":11,"column":78}},"3":{"start":{"line":15,"column":2},"end":{"line":15,"column":63}},"4":{"start":{"line":19,"column":2},"end":{"line":19,"column":67}}},"fnMap":{"0":{"name":"validateEmail","decl":{"start":{"line":4,"column":16},"end":{"line":4,"column":29}},"loc":{"start":{"line":4,"column":54},"end":{"line":8,"column":1}},"line":4},"1":{"name":"getMultipleEmails","decl":{"start":{"line":10,"column":16},"end":{"line":10,"column":33}},"loc":{"start":{"line":10,"column":50},"end":{"line":12,"column":1}},"line":10},"2":{"name":"isAdmin","decl":{"start":{"line":14,"column":16},"end":{"line":14,"column":23}},"loc":{"start":{"line":14,"column":35},"end":{"line":16,"column":1}},"line":14},"3":{"name":"isModerator","decl":{"start":{"line":18,"column":16},"end":{"line":18,"column":27}},"loc":{"start":{"line":18,"column":39},"end":{"line":20,"column":1}},"line":18}},"branchMap":{},"s":{"0":10,"1":10,"2":5,"3":234,"4":0},"f":{"0":10,"1":5,"2":234,"3":0},"b":{},"_coverageSchema":"43e27e138ebf9cfc5966b082cf9a028302ed4184","hash":"2ad7e9e9a3205909c56ac6bffbfba21bd646b8e5"}
}
