TN:
SF:/Users/maxmeijer/repos/kudos-frontend/src/App.tsx
FN:22,(anonymous_0)
FN:26,App
FNF:2
FNH:0
FNDA:0,(anonymous_0)
FNDA:0,App
DA:22,0
DA:23,0
DA:27,0
LF:3
LH:0
BRF:0
BRH:0
end_of_record
TN:
SF:/Users/maxmeijer/repos/kudos-frontend/src/client.ts
FN:9,(anonymous_0)
FN:16,(anonymous_1)
FN:29,(anonymous_2)
FNF:3
FNH:0
FNDA:0,(anonymous_0)
FNDA:0,(anonymous_1)
FNDA:0,(anonymous_2)
DA:9,30
DA:10,0
DA:11,0
DA:14,30
DA:16,30
DA:17,0
DA:24,0
DA:27,30
DA:30,0
DA:31,0
LF:10
LH:4
BRDA:10,0,0,0
BRDA:10,0,1,0
BRDA:10,1,0,0
BRDA:10,1,1,0
BRDA:19,2,0,0
BRDA:19,2,1,0
BRDA:30,3,0,0
BRDA:30,3,1,0
BRDA:30,4,0,0
BRDA:30,4,1,0
BRF:10
BRH:0
end_of_record
TN:
SF:/Users/maxmeijer/repos/kudos-frontend/src/index.tsx
FN:11,(anonymous_0)
FNF:1
FNH:0
FNDA:0,(anonymous_0)
DA:11,0
DA:12,0
DA:15,0
DA:16,0
DA:24,0
DA:29,0
LF:6
LH:0
BRF:0
BRH:0
end_of_record
TN:
SF:/Users/maxmeijer/repos/kudos-frontend/src/routes.ts
FNF:0
FNH:0
DA:1,37
DA:2,37
DA:3,37
DA:4,37
DA:5,37
DA:6,37
DA:7,37
DA:8,37
DA:9,37
DA:10,37
DA:11,37
DA:12,37
DA:13,37
DA:14,37
DA:15,37
LF:15
LH:15
BRF:0
BRH:0
end_of_record
TN:
SF:/Users/maxmeijer/repos/kudos-frontend/src/serviceWorker.js
FN:23,register
FN:34,(anonymous_1)
FN:43,(anonymous_2)
FN:57,registerValidSW
FN:60,(anonymous_4)
FN:61,(anonymous_5)
FN:66,(anonymous_6)
FN:96,(anonymous_7)
FN:101,checkValidServiceWorker
FN:106,(anonymous_9)
FN:114,(anonymous_10)
FN:115,(anonymous_11)
FN:124,(anonymous_12)
FN:131,unregister
FN:134,(anonymous_14)
FN:137,(anonymous_15)
FNF:16
FNH:0
FNDA:0,register
FNDA:0,(anonymous_1)
FNDA:0,(anonymous_2)
FNDA:0,registerValidSW
FNDA:0,(anonymous_4)
FNDA:0,(anonymous_5)
FNDA:0,(anonymous_6)
FNDA:0,(anonymous_7)
FNDA:0,checkValidServiceWorker
FNDA:0,(anonymous_9)
FNDA:0,(anonymous_10)
FNDA:0,(anonymous_11)
FNDA:0,(anonymous_12)
FNDA:0,unregister
FNDA:0,(anonymous_14)
FNDA:0,(anonymous_15)
DA:13,0
DA:24,0
DA:26,0
DA:27,0
DA:31,0
DA:34,0
DA:35,0
DA:37,0
DA:39,0
DA:43,0
DA:44,0
DA:51,0
DA:58,0
DA:61,0
DA:62,0
DA:63,0
DA:64,0
DA:66,0
DA:67,0
DA:68,0
DA:72,0
DA:78,0
DA:79,0
DA:85,0
DA:88,0
DA:89,0
DA:97,0
DA:103,0
DA:108,0
DA:109,0
DA:114,0
DA:115,0
DA:116,0
DA:121,0
DA:125,0
DA:132,0
DA:133,0
DA:135,0
DA:138,0
LF:39
LH:0
BRDA:14,0,0,0
BRDA:14,0,1,0
BRDA:14,0,2,0
BRDA:24,1,0,0
BRDA:24,1,1,0
BRDA:24,2,0,0
BRDA:24,2,1,0
BRDA:27,3,0,0
BRDA:27,3,1,0
BRDA:37,4,0,0
BRDA:37,4,1,0
BRDA:63,5,0,0
BRDA:63,5,1,0
BRDA:67,6,0,0
BRDA:67,6,1,0
BRDA:68,7,0,0
BRDA:68,7,1,0
BRDA:78,8,0,0
BRDA:78,8,1,0
BRDA:78,9,0,0
BRDA:78,9,1,0
BRDA:88,10,0,0
BRDA:88,10,1,0
BRDA:88,11,0,0
BRDA:88,11,1,0
BRDA:109,12,0,0
BRDA:109,12,1,0
BRDA:110,13,0,0
BRDA:110,13,1,0
BRDA:110,13,2,0
BRDA:132,14,0,0
BRDA:132,14,1,0
BRF:32
BRH:0
end_of_record
TN:
SF:/Users/maxmeijer/repos/kudos-frontend/src/spec_helper.tsx
FN:7,(anonymous_0)
FN:13,(anonymous_1)
FN:13,(anonymous_2)
FN:15,(anonymous_3)
FN:18,(anonymous_4)
FN:21,(anonymous_5)
FN:23,(anonymous_6)
FN:29,(anonymous_7)
FN:35,(anonymous_8)
FN:36,(anonymous_9)
FN:39,(anonymous_10)
FNF:11
FNH:11
FNDA:289,(anonymous_0)
FNDA:120,(anonymous_1)
FNDA:120,(anonymous_2)
FNDA:167,(anonymous_3)
FNDA:26,(anonymous_4)
FNDA:5,(anonymous_5)
FNDA:5,(anonymous_6)
FNDA:26,(anonymous_7)
FNDA:72,(anonymous_8)
FNDA:464,(anonymous_9)
FNDA:7,(anonymous_10)
DA:7,48
DA:8,289
DA:13,120
DA:15,167
DA:18,48
DA:21,48
DA:23,48
DA:24,5
DA:26,5
DA:29,48
DA:30,26
DA:31,26
DA:35,48
DA:36,464
DA:39,48
LF:15
LH:15
BRDA:7,0,0,274
BRDA:13,1,0,0
BRF:2
BRH:1
end_of_record
TN:
SF:/Users/maxmeijer/repos/kudos-frontend/src/components/AuthenticatedRoute.tsx
FN:6,AuthenticatedRoute
FN:10,(anonymous_1)
FNF:2
FNH:0
FNDA:0,AuthenticatedRoute
FNDA:0,(anonymous_1)
DA:7,0
DA:11,0
DA:12,0
DA:15,0
DA:16,0
DA:19,0
LF:6
LH:0
BRDA:11,0,0,0
BRDA:11,0,1,0
BRDA:15,1,0,0
BRDA:15,1,1,0
BRDA:15,2,0,0
BRDA:15,2,1,0
BRF:6
BRH:0
end_of_record
TN:
SF:/Users/maxmeijer/repos/kudos-frontend/src/components/FormWrapper.tsx
FN:14,FormWrapper
FNF:1
FNH:1
FNDA:83,FormWrapper
DA:15,83
LF:1
LH:1
BRDA:17,0,0,83
BRDA:17,0,1,28
BRF:2
BRH:2
end_of_record
TN:
SF:/Users/maxmeijer/repos/kudos-frontend/src/components/PullToRefresh.js
FN:7,(anonymous_0)
FN:13,(anonymous_1)
FN:31,(anonymous_2)
FN:40,setupDOM
FN:78,onReset
FN:81,(anonymous_5)
FN:92,update
FN:129,(anonymous_7)
FN:132,_onTouchStart
FN:134,(anonymous_9)
FN:153,_onTouchMove
FN:222,_onTouchEnd
FN:236,(anonymous_12)
FN:237,(anonymous_13)
FN:242,(anonymous_14)
FN:270,_onScroll
FN:295,destroy
FN:377,(anonymous_17)
FN:380,(anonymous_18)
FN:383,(anonymous_19)
FN:384,(anonymous_20)
FN:387,(anonymous_21)
FN:390,(anonymous_22)
FN:396,(anonymous_23)
FN:399,(anonymous_24)
FN:408,(anonymous_25)
FN:418,(anonymous_26)
FN:422,(anonymous_27)
FN:433,setPassiveMode
FN:437,destroyAll
FN:444,(anonymous_30)
FN:449,init
FNF:32
FNH:7
FNDA:5,(anonymous_0)
FNDA:5,(anonymous_1)
FNDA:0,(anonymous_2)
FNDA:0,setupDOM
FNDA:0,onReset
FNDA:0,(anonymous_5)
FNDA:0,update
FNDA:1,(anonymous_7)
FNDA:0,_onTouchStart
FNDA:0,(anonymous_9)
FNDA:0,_onTouchMove
FNDA:0,_onTouchEnd
FNDA:0,(anonymous_12)
FNDA:0,(anonymous_13)
FNDA:0,(anonymous_14)
FNDA:0,_onScroll
FNDA:0,destroy
FNDA:0,(anonymous_17)
FNDA:0,(anonymous_18)
FNDA:0,(anonymous_19)
FNDA:0,(anonymous_20)
FNDA:0,(anonymous_21)
FNDA:0,(anonymous_22)
FNDA:4,(anonymous_23)
FNDA:84,(anonymous_24)
FNDA:12,(anonymous_25)
FNDA:0,(anonymous_26)
FNDA:0,(anonymous_27)
FNDA:0,setPassiveMode
FNDA:0,destroyAll
FNDA:0,(anonymous_30)
FNDA:4,init
DA:7,5
DA:8,5
DA:16,5
DA:29,5
DA:30,5
DA:33,0
DA:41,0
DA:42,0
DA:44,0
DA:45,0
DA:47,0
DA:50,0
DA:51,0
DA:54,0
DA:56,0
DA:57,0
DA:61,0
DA:62,0
DA:64,0
DA:66,0
DA:69,0
DA:75,0
DA:79,0
DA:80,0
DA:81,0
DA:83,0
DA:84,0
DA:85,0
DA:88,0
DA:93,0
DA:96,0
DA:100,0
DA:101,0
DA:102,0
DA:104,0
DA:108,0
DA:109,0
DA:110,0
DA:113,0
DA:114,0
DA:117,0
DA:118,0
DA:123,5
DA:129,5
DA:134,0
DA:135,0
DA:138,0
DA:140,0
DA:141,0
DA:143,0
DA:144,0
DA:147,0
DA:149,0
DA:154,0
DA:155,0
DA:158,0
DA:159,0
DA:160,0
DA:163,0
DA:166,0
DA:167,0
DA:171,0
DA:174,0
DA:177,0
DA:178,0
DA:180,0
DA:182,0
DA:185,0
DA:186,0
DA:189,0
DA:191,0
DA:192,0
DA:193,0
DA:194,0
DA:198,0
DA:202,0
DA:204,0
DA:206,0
DA:209,0
DA:213,0
DA:215,0
DA:217,0
DA:223,0
DA:224,0
DA:227,0
DA:231,0
DA:232,0
DA:234,0
DA:236,0
DA:237,0
DA:238,0
DA:241,0
DA:242,0
DA:243,0
DA:247,0
DA:248,0
DA:252,0
DA:253,0
DA:256,0
DA:257,0
DA:260,0
DA:262,0
DA:264,0
DA:266,0
DA:267,0
DA:271,0
DA:272,0
DA:279,1
DA:285,1
DA:286,1
DA:287,1
DA:288,1
DA:289,1
DA:297,0
DA:298,0
DA:299,0
DA:300,0
DA:306,5
DA:308,5
DA:361,5
DA:378,0
DA:381,0
DA:385,0
DA:388,0
DA:391,0
DA:395,5
DA:396,5
DA:397,4
DA:399,4
DA:400,84
DA:403,4
DA:408,4
DA:409,12
DA:410,12
DA:414,4
DA:415,1
DA:418,4
DA:419,0
DA:422,4
DA:424,0
DA:426,0
DA:429,4
DA:432,5
DA:434,0
DA:438,0
DA:439,0
DA:441,0
DA:444,0
DA:445,0
DA:450,4
DA:452,4
DA:454,4
DA:455,4
DA:468,5
LF:154
LH:36
BRDA:8,0,0,5
BRDA:8,0,1,0
BRDA:8,1,0,5
BRDA:8,1,1,5
BRDA:10,2,0,0
BRDA:10,2,1,0
BRDA:10,3,0,0
BRDA:10,3,1,0
BRDA:41,4,0,0
BRDA:41,4,1,0
BRDA:44,5,0,0
BRDA:44,5,1,0
BRDA:56,6,0,0
BRDA:56,6,1,0
BRDA:61,7,0,0
BRDA:61,7,1,0
BRDA:83,8,0,0
BRDA:83,8,1,0
BRDA:83,9,0,0
BRDA:83,9,1,0
BRDA:100,10,0,0
BRDA:100,10,1,0
BRDA:101,11,0,0
BRDA:101,11,1,0
BRDA:108,12,0,0
BRDA:108,12,1,0
BRDA:109,13,0,0
BRDA:109,13,1,0
BRDA:113,14,0,0
BRDA:113,14,1,0
BRDA:113,15,0,0
BRDA:113,15,1,0
BRDA:117,16,0,0
BRDA:117,16,1,0
BRDA:140,17,0,0
BRDA:140,17,1,0
BRDA:140,18,0,0
BRDA:140,18,1,0
BRDA:143,19,0,0
BRDA:143,19,1,0
BRDA:154,20,0,0
BRDA:154,20,1,0
BRDA:154,21,0,0
BRDA:154,21,1,0
BRDA:154,21,2,0
BRDA:158,22,0,0
BRDA:158,22,1,0
BRDA:159,23,0,0
BRDA:159,23,1,0
BRDA:166,24,0,0
BRDA:166,24,1,0
BRDA:167,25,0,0
BRDA:167,25,1,0
BRDA:168,26,0,0
BRDA:168,26,1,0
BRDA:177,27,0,0
BRDA:177,27,1,0
BRDA:185,28,0,0
BRDA:185,28,1,0
BRDA:185,29,0,0
BRDA:185,29,1,0
BRDA:191,30,0,0
BRDA:191,30,1,0
BRDA:198,31,0,0
BRDA:198,31,1,0
BRDA:199,32,0,0
BRDA:199,32,1,0
BRDA:209,33,0,0
BRDA:209,33,1,0
BRDA:210,34,0,0
BRDA:210,34,1,0
BRDA:223,35,0,0
BRDA:223,35,1,0
BRDA:223,36,0,0
BRDA:223,36,1,0
BRDA:223,36,2,0
BRDA:227,37,0,0
BRDA:227,37,1,0
BRDA:228,38,0,0
BRDA:228,38,1,0
BRDA:241,39,0,0
BRDA:241,39,1,0
BRDA:241,40,0,0
BRDA:241,40,1,0
BRDA:247,41,0,0
BRDA:247,41,1,0
BRDA:247,42,0,0
BRDA:247,42,1,0
BRDA:252,43,0,0
BRDA:252,43,1,0
BRDA:271,44,0,0
BRDA:271,44,1,0
BRDA:279,45,0,0
BRDA:279,45,1,1
BRDA:281,46,0,0
BRDA:281,46,1,0
BRDA:400,47,0,84
BRDA:400,47,1,72
BRDA:404,48,0,0
BRDA:404,48,1,4
BRDA:409,49,0,12
BRDA:409,49,1,0
BRDA:414,50,0,1
BRDA:414,50,1,3
BRDA:438,51,0,0
BRDA:438,51,1,0
BRDA:450,52,0,0
BRDA:450,52,1,4
BRF:108
BRH:11
end_of_record
TN:
SF:/Users/maxmeijer/repos/kudos-frontend/src/components/index.ts
FNF:0
FNH:0
LF:0
LH:0
BRF:0
BRH:0
end_of_record
TN:
SF:/Users/maxmeijer/repos/kudos-frontend/src/components/Circle/Circle.tsx
FN:13,CustomCircle
FNF:1
FNH:1
FNDA:34,CustomCircle
DA:14,34
LF:1
LH:1
BRDA:16,0,0,34
BRDA:16,0,1,13
BRF:2
BRH:2
end_of_record
TN:
SF:/Users/maxmeijer/repos/kudos-frontend/src/components/Circle/index.ts
FNF:0
FNH:0
LF:0
LH:0
BRF:0
BRH:0
end_of_record
TN:
SF:/Users/maxmeijer/repos/kudos-frontend/src/components/navigation/Desktop.tsx
FN:34,DesktopNavigation
FN:39,(anonymous_1)
FN:42,(anonymous_2)
FN:71,(anonymous_3)
FNF:4
FNH:2
FNDA:79,DesktopNavigation
FNDA:0,(anonymous_1)
FNDA:116,(anonymous_2)
FNDA:0,(anonymous_3)
DA:16,15
DA:35,79
DA:39,0
DA:43,116
DA:71,0
LF:5
LH:3
BRDA:43,0,0,1
BRDA:43,0,1,115
BRDA:43,1,0,116
BRDA:43,1,1,1
BRDA:50,2,0,116
BRDA:50,2,1,10
BRDA:61,3,0,116
BRDA:61,3,1,10
BRF:8
BRH:8
end_of_record
TN:
SF:/Users/maxmeijer/repos/kudos-frontend/src/components/navigation/Mobile.tsx
FN:16,IconComponent
FN:34,mobile
FNF:2
FNH:2
FNDA:32,IconComponent
FNDA:7,mobile
DA:17,32
DA:18,32
DA:35,7
DA:36,7
LF:4
LH:4
BRDA:24,0,0,6
BRDA:24,0,1,26
BRDA:44,1,0,7
BRDA:44,1,1,6
BRDA:52,2,0,7
BRDA:52,2,1,6
BRDA:60,3,0,7
BRDA:60,3,1,6
BRF:8
BRH:8
end_of_record
TN:
SF:/Users/maxmeijer/repos/kudos-frontend/src/components/navigation/Navigation.tsx
FN:6,(anonymous_0)
FNF:1
FNH:1
FNDA:71,(anonymous_0)
DA:7,71
LF:1
LH:1
BRF:0
BRH:0
end_of_record
TN:
SF:/Users/maxmeijer/repos/kudos-frontend/src/components/navigation/Toolbar.tsx
FN:13,Toolbar
FN:19,(anonymous_1)
FNF:2
FNH:1
FNDA:75,Toolbar
FNDA:0,(anonymous_1)
DA:14,75
DA:19,0
DA:24,75
LF:3
LH:2
BRDA:14,0,0,0
BRDA:14,0,1,75
BRF:2
BRH:1
end_of_record
TN:
SF:/Users/maxmeijer/repos/kudos-frontend/src/components/navigation/index.ts
FNF:0
FNH:0
LF:0
LH:0
BRF:0
BRH:0
end_of_record
TN:
SF:/Users/maxmeijer/repos/kudos-frontend/src/config/i18n.js
FNF:0
FNH:0
DA:4,0
DA:8,0
LF:2
LH:0
BRF:0
BRH:0
end_of_record
TN:
SF:/Users/maxmeijer/repos/kudos-frontend/src/config/sentry.js
FNF:0
FNH:0
DA:4,0
DA:5,0
DA:13,0
DA:15,0
LF:4
LH:0
BRDA:4,0,0,0
BRDA:4,0,1,0
BRDA:13,1,0,0
BRDA:13,1,1,0
BRF:4
BRH:0
end_of_record
TN:
SF:/Users/maxmeijer/repos/kudos-frontend/src/config/settings.default.js
FNF:0
FNH:0
LF:0
LH:0
BRF:0
BRH:0
end_of_record
TN:
SF:/Users/maxmeijer/repos/kudos-frontend/src/config/settings.development.js
FNF:0
FNH:0
LF:0
LH:0
BRF:0
BRH:0
end_of_record
TN:
SF:/Users/maxmeijer/repos/kudos-frontend/src/config/settings.js
FN:8,ON_MOBILE_DEVICE
FNF:1
FNH:0
FNDA:0,ON_MOBILE_DEVICE
DA:3,45
DA:4,45
DA:9,0
LF:3
LH:2
BRDA:10,0,0,0
BRDA:10,0,1,0
BRDA:10,0,2,0
BRDA:10,0,3,0
BRDA:10,0,4,0
BRF:5
BRH:0
end_of_record
TN:
SF:/Users/maxmeijer/repos/kudos-frontend/src/config/settings.production.js
FNF:0
FNH:0
LF:0
LH:0
BRF:0
BRH:0
end_of_record
TN:
SF:/Users/maxmeijer/repos/kudos-frontend/src/config/settings.test.js
FNF:0
FNH:0
LF:0
LH:0
BRF:0
BRH:0
end_of_record
TN:
SF:/Users/maxmeijer/repos/kudos-frontend/src/modules/choose-team/ChooseTeamPage.tsx
FN:18,Content
FN:31,(anonymous_1)
FN:45,ChooseTeamPage
FNF:3
FNH:2
FNDA:4,Content
FNDA:1,(anonymous_1)
FNDA:0,ChooseTeamPage
DA:19,4
DA:32,1
DA:46,0
LF:3
LH:2
BRF:0
BRH:0
end_of_record
TN:
SF:/Users/maxmeijer/repos/kudos-frontend/src/modules/choose-team/CreateTeamPage.tsx
FN:49,(anonymous_0)
FN:64,(anonymous_1)
FN:75,(anonymous_2)
FN:89,(anonymous_3)
FN:94,(anonymous_4)
FN:102,(anonymous_5)
FN:103,(anonymous_6)
FN:110,(anonymous_7)
FN:130,(anonymous_8)
FNF:9
FNH:9
FNDA:9,(anonymous_0)
FNDA:5,(anonymous_1)
FNDA:5,(anonymous_2)
FNDA:1,(anonymous_3)
FNDA:26,(anonymous_4)
FNDA:1,(anonymous_5)
FNDA:3,(anonymous_6)
FNDA:30,(anonymous_7)
FNDA:5,(anonymous_8)
DA:15,1
DA:50,9
DA:52,9
DA:57,9
DA:59,9
DA:60,9
DA:61,9
DA:65,5
DA:66,5
DA:68,5
DA:69,1
DA:70,1
DA:72,4
DA:76,5
DA:78,5
DA:79,1
DA:82,4
DA:91,1
DA:95,26
DA:102,1
DA:104,3
DA:105,3
DA:106,3
DA:107,3
DA:111,30
DA:130,5
LF:26
LH:26
BRDA:68,0,0,1
BRDA:68,0,1,4
BRDA:78,1,0,1
BRDA:78,1,1,4
BRDA:134,2,0,30
BRDA:134,2,1,2
BRF:6
BRH:6
end_of_record
TN:
SF:/Users/maxmeijer/repos/kudos-frontend/src/modules/choose-team/index.ts
FNF:0
FNH:0
LF:0
LH:0
BRF:0
BRH:0
end_of_record
TN:
SF:/Users/maxmeijer/repos/kudos-frontend/src/modules/choose-team/utils.ts
FN:3,selectTeam
FNF:1
FNH:1
FNDA:3,selectTeam
DA:4,3
DA:5,3
LF:2
LH:2
BRF:0
BRH:0
end_of_record
TN:
SF:/Users/maxmeijer/repos/kudos-frontend/src/modules/choose-team/components/ChoiceButton.tsx
FN:24,ChoiceButton
FN:28,(anonymous_1)
FN:48,(anonymous_2)
FN:59,(anonymous_3)
FN:65,(anonymous_4)
FNF:5
FNH:4
FNDA:33,ChoiceButton
FNDA:5,(anonymous_1)
FNDA:0,(anonymous_2)
FNDA:39,(anonymous_3)
FNDA:5,(anonymous_4)
DA:25,33
DA:29,5
DA:30,4
DA:34,1
DA:35,1
DA:38,1
DA:40,0
DA:41,0
DA:48,0
DA:53,0
DA:60,39
DA:66,5
DA:67,5
DA:68,4
DA:69,4
DA:70,4
DA:72,5
LF:17
LH:13
BRDA:29,0,0,4
BRDA:29,0,1,1
BRDA:40,1,0,0
BRDA:40,1,1,0
BRDA:40,2,0,0
BRDA:40,2,1,0
BRDA:67,3,0,4
BRDA:67,3,1,1
BRF:8
BRH:4
end_of_record
TN:
SF:/Users/maxmeijer/repos/kudos-frontend/src/modules/choose-team/components/Invite.tsx
FN:40,Invite
FNF:1
FNH:1
FNDA:11,Invite
DA:8,5
DA:18,5
DA:41,11
LF:3
LH:3
BRF:0
BRH:0
end_of_record
TN:
SF:/Users/maxmeijer/repos/kudos-frontend/src/modules/choose-team/components/InviteList.tsx
FN:26,(anonymous_0)
FN:28,(anonymous_1)
FN:38,(anonymous_2)
FNF:3
FNH:3
FNDA:10,(anonymous_0)
FNDA:20,(anonymous_1)
FNDA:8,(anonymous_2)
DA:6,5
DA:26,5
DA:27,10
DA:29,20
DA:30,10
DA:32,5
DA:33,1
DA:36,4
DA:39,8
LF:9
LH:9
BRDA:29,0,0,10
BRDA:29,0,1,10
BRDA:30,1,0,5
BRDA:30,1,1,5
BRDA:32,2,0,1
BRDA:32,2,1,4
BRDA:32,3,0,5
BRDA:32,3,1,5
BRF:8
BRH:8
end_of_record
TN:
SF:/Users/maxmeijer/repos/kudos-frontend/src/modules/choose-team/components/TeamList.tsx
FN:45,TeamList
FN:48,(anonymous_1)
FN:66,(anonymous_2)
FNF:3
FNH:3
FNDA:10,TeamList
FNDA:20,(anonymous_1)
FNDA:8,(anonymous_2)
DA:13,3
DA:46,10
DA:49,20
DA:50,10
DA:52,5
DA:53,1
DA:55,4
DA:57,4
DA:58,0
DA:59,0
DA:60,0
DA:64,4
DA:67,8
LF:13
LH:10
BRDA:49,0,0,10
BRDA:49,0,1,10
BRDA:50,1,0,5
BRDA:50,1,1,5
BRDA:52,2,0,1
BRDA:52,2,1,4
BRDA:52,3,0,5
BRDA:52,3,1,5
BRDA:57,4,0,0
BRDA:57,4,1,4
BRDA:58,5,0,0
BRDA:58,5,1,0
BRF:12
BRH:9
end_of_record
TN:
SF:/Users/maxmeijer/repos/kudos-frontend/src/modules/choose-team/components/TeamRow.tsx
FN:15,TeamRow
FN:25,(anonymous_1)
FNF:2
FNH:2
FNDA:12,TeamRow
FNDA:3,(anonymous_1)
DA:16,12
DA:26,3
DA:27,3
LF:3
LH:3
BRF:0
BRH:0
end_of_record
TN:
SF:/Users/maxmeijer/repos/kudos-frontend/src/modules/choose-team/components/index.ts
FNF:0
FNH:0
LF:0
LH:0
BRF:0
BRH:0
end_of_record
TN:
SF:/Users/maxmeijer/repos/kudos-frontend/src/modules/feed/FeedPage.tsx
FN:34,(anonymous_0)
FN:38,(anonymous_1)
FN:41,(anonymous_2)
FN:51,(anonymous_3)
FNF:4
FNH:2
FNDA:4,(anonymous_0)
FNDA:0,(anonymous_1)
FNDA:0,(anonymous_2)
FNDA:4,(anonymous_3)
DA:35,4
DA:36,4
DA:39,0
DA:42,0
DA:43,0
DA:45,0
DA:52,4
LF:7
LH:3
BRF:0
BRH:0
end_of_record
TN:
SF:/Users/maxmeijer/repos/kudos-frontend/src/modules/feed/RepoList.tsx
FN:8,RepoList
FN:15,(anonymous_1)
FN:18,loadMore
FN:24,(anonymous_3)
FN:61,(anonymous_4)
FN:69,(anonymous_5)
FNF:6
FNH:3
FNDA:11,RepoList
FNDA:22,(anonymous_1)
FNDA:0,loadMore
FNDA:0,(anonymous_3)
FNDA:6,(anonymous_4)
FNDA:0,(anonymous_5)
DA:9,11
DA:19,0
DA:25,0
DA:26,0
DA:28,0
DA:29,0
DA:31,0
DA:46,22
DA:47,17
DA:48,11
DA:58,6
DA:59,6
DA:62,6
DA:69,0
LF:14
LH:7
BRDA:24,0,0,0
BRDA:24,1,0,0
BRDA:25,2,0,0
BRDA:25,2,1,0
BRDA:26,3,0,0
BRDA:26,3,1,0
BRDA:28,4,0,0
BRDA:28,4,1,0
BRDA:29,5,0,0
BRDA:29,5,1,0
BRDA:46,6,0,5
BRDA:46,6,1,17
BRDA:47,7,0,11
BRDA:47,7,1,6
BRDA:47,8,0,17
BRDA:47,8,1,6
BRDA:64,9,0,6
BRDA:64,9,1,1
BRDA:74,10,0,6
BRDA:74,10,1,5
BRF:20
BRH:10
end_of_record
TN:
SF:/Users/maxmeijer/repos/kudos-frontend/src/modules/feed/index.ts
FNF:0
FNH:0
LF:0
LH:0
BRF:0
BRH:0
end_of_record
TN:
SF:/Users/maxmeijer/repos/kudos-frontend/src/modules/feed/queries.ts
FNF:0
FNH:0
DA:3,8
DA:38,8
DA:73,8
DA:91,8
LF:4
LH:4
BRF:0
BRH:0
end_of_record
TN:
SF:/Users/maxmeijer/repos/kudos-frontend/src/modules/feed/components/CreatePost.tsx
FN:77,(anonymous_0)
FN:108,(anonymous_1)
FN:163,(anonymous_2)
FN:184,(anonymous_3)
FN:194,(anonymous_4)
FN:202,(anonymous_5)
FN:206,(anonymous_6)
FN:211,(anonymous_7)
FN:216,(anonymous_8)
FN:220,(anonymous_9)
FN:221,(anonymous_10)
FN:261,(anonymous_11)
FN:271,(anonymous_12)
FN:279,(anonymous_13)
FN:290,(anonymous_14)
FNF:15
FNH:12
FNDA:12,(anonymous_0)
FNDA:7,(anonymous_1)
FNDA:66,(anonymous_2)
FNDA:2,(anonymous_3)
FNDA:0,(anonymous_4)
FNDA:0,(anonymous_5)
FNDA:0,(anonymous_6)
FNDA:29,(anonymous_7)
FNDA:29,(anonymous_8)
FNDA:1,(anonymous_9)
FNDA:2,(anonymous_10)
FNDA:32,(anonymous_11)
FNDA:7,(anonymous_12)
FNDA:52,(anonymous_13)
FNDA:52,(anonymous_14)
DA:28,3
DA:78,12
DA:80,12
DA:90,12
DA:92,12
DA:93,0
DA:101,12
DA:102,12
DA:103,12
DA:104,12
DA:105,12
DA:109,7
DA:110,7
DA:117,7
DA:118,1
DA:122,1
DA:125,6
DA:126,1
DA:130,1
DA:133,5
DA:134,1
DA:135,0
DA:136,0
DA:138,1
DA:142,1
DA:145,4
DA:146,1
DA:150,1
DA:153,3
DA:160,3
DA:161,3
DA:163,3
DA:164,66
DA:166,3
DA:167,0
DA:169,3
DA:173,3
DA:185,2
DA:187,2
DA:189,2
DA:190,2
DA:191,2
DA:195,0
DA:196,0
DA:197,0
DA:199,0
DA:203,0
DA:208,0
DA:212,29
DA:213,29
DA:214,29
DA:217,29
DA:220,1
DA:222,2
DA:228,2
DA:238,2
DA:263,32
DA:264,2
DA:266,32
DA:267,5
DA:269,32
DA:271,7
DA:280,52
DA:291,52
LF:64
LH:54
BRDA:92,0,0,0
BRDA:92,0,1,12
BRDA:117,1,0,1
BRDA:117,1,1,6
BRDA:125,2,0,1
BRDA:125,2,1,5
BRDA:133,3,0,1
BRDA:133,3,1,4
BRDA:134,4,0,0
BRDA:134,4,1,1
BRDA:145,5,0,1
BRDA:145,5,1,3
BRDA:164,6,0,63
BRDA:164,6,1,3
BRDA:166,7,0,0
BRDA:166,7,1,3
BRDA:195,8,0,0
BRDA:195,8,1,0
BRDA:263,9,0,2
BRDA:263,9,1,30
BRDA:266,10,0,5
BRDA:266,10,1,27
BRDA:280,11,0,52
BRDA:280,11,1,20
BRDA:291,12,0,52
BRDA:291,12,1,20
BRDA:319,13,0,0
BRDA:319,13,1,32
BRDA:322,14,0,32
BRDA:322,14,1,6
BRDA:328,15,0,32
BRDA:328,15,1,0
BRF:32
BRH:25
end_of_record
TN:
SF:/Users/maxmeijer/repos/kudos-frontend/src/modules/feed/components/LeftRail.tsx
FN:24,(anonymous_0)
FN:27,(anonymous_1)
FNF:2
FNH:2
FNDA:8,(anonymous_0)
FNDA:16,(anonymous_1)
DA:8,3
DA:25,8
DA:28,16
DA:29,8
DA:31,3
LF:5
LH:5
BRDA:28,0,0,8
BRDA:28,0,1,8
BRDA:29,1,0,5
BRDA:29,1,1,3
BRDA:31,2,0,3
BRDA:31,2,1,0
BRDA:31,3,0,3
BRDA:31,3,1,3
BRF:8
BRH:7
end_of_record
TN:
SF:/Users/maxmeijer/repos/kudos-frontend/src/modules/feed/components/RightRail.tsx
FN:14,(anonymous_0)
FNF:1
FNH:1
FNDA:5,(anonymous_0)
DA:7,3
DA:15,5
LF:2
LH:2
BRDA:15,0,0,5
BRDA:15,0,1,0
BRF:2
BRH:1
end_of_record
TN:
SF:/Users/maxmeijer/repos/kudos-frontend/src/modules/feed/components/index.ts
FNF:0
FNH:0
LF:0
LH:0
BRF:0
BRH:0
end_of_record
TN:
SF:/Users/maxmeijer/repos/kudos-frontend/src/modules/feed/components/ActionButton/ActionButton.tsx
FN:7,(anonymous_0)
FNF:1
FNH:1
FNDA:3,(anonymous_0)
DA:8,3
LF:1
LH:1
BRF:0
BRH:0
end_of_record
TN:
SF:/Users/maxmeijer/repos/kudos-frontend/src/modules/feed/components/GoalProgress/GoalProgress.tsx
FN:15,(anonymous_0)
FN:22,(anonymous_1)
FNF:2
FNH:2
FNDA:6,(anonymous_0)
FNDA:12,(anonymous_1)
DA:15,2
DA:16,6
DA:23,12
DA:24,1
DA:27,11
DA:28,6
DA:40,5
DA:43,5
LF:8
LH:8
BRDA:23,0,0,1
BRDA:23,0,1,11
BRDA:27,1,0,6
BRDA:27,1,1,5
BRDA:27,2,0,11
BRDA:27,2,1,5
BRF:6
BRH:6
end_of_record
TN:
SF:/Users/maxmeijer/repos/kudos-frontend/src/modules/feed/components/GuidelineInput/GuidelineInput.tsx
FN:50,(anonymous_0)
FN:66,(anonymous_1)
FN:71,(anonymous_2)
FN:75,(anonymous_3)
FN:79,(anonymous_4)
FN:85,(anonymous_5)
FN:89,(anonymous_6)
FN:122,(anonymous_7)
FN:143,(anonymous_8)
FN:148,(anonymous_9)
FN:152,(anonymous_10)
FNF:11
FNH:11
FNDA:23,(anonymous_0)
FNDA:1,(anonymous_1)
FNDA:1,(anonymous_2)
FNDA:1,(anonymous_3)
FNDA:1,(anonymous_4)
FNDA:2,(anonymous_5)
FNDA:56,(anonymous_6)
FNDA:12,(anonymous_7)
FNDA:8,(anonymous_8)
FNDA:3,(anonymous_9)
FNDA:1,(anonymous_10)
DA:10,4
DA:12,4
DA:51,23
DA:53,23
DA:57,23
DA:59,23
DA:60,23
DA:61,23
DA:62,23
DA:63,23
DA:67,1
DA:68,1
DA:72,1
DA:76,1
DA:80,1
DA:81,1
DA:82,1
DA:86,2
DA:90,56
DA:123,12
DA:124,7
DA:134,5
DA:135,1
DA:143,8
DA:146,4
DA:149,3
DA:152,1
LF:27
LH:27
BRDA:115,0,0,56
BRDA:115,0,1,7
BRDA:115,0,2,6
BRDA:123,1,0,7
BRDA:123,1,1,5
BRDA:123,2,0,12
BRDA:123,2,1,6
BRDA:127,3,0,7
BRDA:127,3,1,6
BRDA:128,4,0,7
BRDA:128,4,1,1
BRDA:134,5,0,1
BRDA:134,5,1,4
BRDA:134,6,0,5
BRDA:134,6,1,5
BRDA:134,6,2,5
BRDA:143,7,0,8
BRDA:143,7,1,4
BRDA:143,8,0,8
BRDA:143,8,1,0
BRDA:144,9,0,4
BRDA:144,9,1,0
BRF:22
BRH:20
end_of_record
TN:
SF:/Users/maxmeijer/repos/kudos-frontend/src/modules/feed/components/Transaction/Header.tsx
FN:43,(anonymous_0)
FN:54,(anonymous_1)
FN:61,(anonymous_2)
FN:68,(anonymous_3)
FN:78,(anonymous_4)
FN:84,(anonymous_5)
FN:96,(anonymous_6)
FN:104,(anonymous_7)
FN:126,(anonymous_8)
FN:128,(anonymous_9)
FN:133,(anonymous_10)
FNF:11
FNH:9
FNDA:25,(anonymous_0)
FNDA:2,(anonymous_1)
FNDA:1,(anonymous_2)
FNDA:0,(anonymous_3)
FNDA:1,(anonymous_4)
FNDA:28,(anonymous_5)
FNDA:0,(anonymous_6)
FNDA:28,(anonymous_7)
FNDA:1,(anonymous_8)
FNDA:15,(anonymous_9)
FNDA:2,(anonymous_10)
DA:15,5
DA:17,5
DA:44,25
DA:46,25
DA:50,25
DA:51,25
DA:55,2
DA:56,2
DA:62,1
DA:65,1
DA:69,0
DA:70,0
DA:72,0
DA:73,0
DA:79,1
DA:85,28
DA:86,28
DA:88,28
DA:90,28
DA:96,0
DA:105,28
DA:126,1
DA:129,15
DA:133,2
LF:24
LH:19
BRDA:69,0,0,0
BRDA:69,0,1,0
BRDA:72,1,0,0
BRDA:72,1,1,0
BRDA:111,2,0,28
BRDA:111,2,1,20
BRDA:111,2,2,15
BRDA:111,2,3,14
BRF:8
BRH:4
end_of_record
TN:
SF:/Users/maxmeijer/repos/kudos-frontend/src/modules/feed/components/Transaction/LikeButton.tsx
FN:33,(anonymous_0)
FN:49,(anonymous_1)
FN:66,(anonymous_2)
FN:75,(anonymous_3)
FN:92,(anonymous_4)
FN:105,LikeButton
FN:108,(anonymous_6)
FN:121,(anonymous_7)
FN:131,(anonymous_8)
FN:140,(anonymous_9)
FNF:10
FNH:8
FNDA:2,(anonymous_0)
FNDA:0,(anonymous_1)
FNDA:1,(anonymous_2)
FNDA:1,(anonymous_3)
FNDA:2,(anonymous_4)
FNDA:17,LikeButton
FNDA:17,(anonymous_6)
FNDA:0,(anonymous_7)
FNDA:19,(anonymous_8)
FNDA:1,(anonymous_9)
DA:13,5
DA:14,5
DA:16,5
DA:33,5
DA:36,2
DA:37,2
DA:43,2
DA:46,0
DA:50,0
DA:51,0
DA:54,0
DA:59,0
DA:66,5
DA:67,1
DA:75,1
DA:92,2
DA:106,17
DA:108,17
DA:110,17
DA:121,0
DA:132,19
DA:140,1
LF:22
LH:16
BRDA:50,0,0,0
BRDA:50,0,1,0
BRDA:75,1,0,1
BRDA:75,1,1,0
BRDA:108,2,0,17
BRDA:108,2,1,0
BRDA:145,3,0,1
BRDA:145,3,1,18
BRDA:146,4,0,1
BRDA:146,4,1,18
BRF:10
BRH:6
end_of_record
TN:
SF:/Users/maxmeijer/repos/kudos-frontend/src/modules/feed/components/Transaction/Transaction.tsx
FN:14,Transaction
FN:39,(anonymous_1)
FN:49,(anonymous_2)
FNF:3
FNH:3
FNDA:12,Transaction
FNDA:12,(anonymous_1)
FNDA:12,(anonymous_2)
DA:8,4
DA:15,12
DA:39,12
DA:49,12
LF:4
LH:4
BRF:0
BRH:0
end_of_record
TN:
SF:/Users/maxmeijer/repos/kudos-frontend/src/modules/feed/components/Transaction/TransactionLoading.tsx
FN:4,(anonymous_0)
FNF:1
FNH:1
FNDA:44,(anonymous_0)
DA:4,4
DA:5,44
LF:2
LH:2
BRF:0
BRH:0
end_of_record
TN:
SF:/Users/maxmeijer/repos/kudos-frontend/src/modules/feed/components/Transaction/index.ts
FNF:0
FNH:0
LF:0
LH:0
BRF:0
BRH:0
end_of_record
TN:
SF:/Users/maxmeijer/repos/kudos-frontend/src/modules/feed/components/UserDropdown/UserDropdown.tsx
FN:21,(anonymous_0)
FN:33,(anonymous_1)
FN:37,(anonymous_2)
FN:45,(anonymous_3)
FN:49,(anonymous_4)
FN:57,(anonymous_5)
FN:65,(anonymous_6)
FN:104,(anonymous_7)
FN:112,(anonymous_8)
FN:118,(anonymous_9)
FNF:10
FNH:7
FNDA:21,(anonymous_0)
FNDA:3,(anonymous_1)
FNDA:2,(anonymous_2)
FNDA:2,(anonymous_3)
FNDA:0,(anonymous_4)
FNDA:0,(anonymous_5)
FNDA:0,(anonymous_6)
FNDA:44,(anonymous_7)
FNDA:59,(anonymous_8)
FNDA:728,(anonymous_9)
DA:22,21
DA:23,21
DA:26,21
DA:28,21
DA:29,21
DA:30,21
DA:34,3
DA:35,1
DA:37,2
DA:38,1
DA:41,1
DA:42,1
DA:46,2
DA:50,0
DA:57,0
DA:58,0
DA:59,0
DA:64,0
DA:65,0
DA:66,0
DA:67,0
DA:69,0
DA:70,0
DA:74,0
DA:90,0
DA:98,0
DA:99,0
DA:101,0
DA:105,44
DA:113,59
DA:115,59
DA:116,59
DA:117,41
DA:118,728
DA:125,59
LF:35
LH:20
BRDA:34,0,0,1
BRDA:34,0,1,2
BRDA:37,1,0,1
BRDA:37,1,1,1
BRDA:58,2,0,0
BRDA:58,2,1,0
BRDA:69,3,0,0
BRDA:69,3,1,0
BRDA:116,4,0,41
BRDA:116,4,1,18
BRDA:117,5,0,41
BRDA:117,5,1,0
BRDA:140,6,0,59
BRDA:140,6,1,54
BRF:14
BRH:9
end_of_record
TN:
SF:/Users/maxmeijer/repos/kudos-frontend/src/modules/login/BackButton.tsx
FN:11,BackButton
FN:14,(anonymous_1)
FNF:2
FNH:1
FNDA:68,BackButton
FNDA:0,(anonymous_1)
DA:12,68
DA:14,0
LF:2
LH:1
BRF:0
BRH:0
end_of_record
TN:
SF:/Users/maxmeijer/repos/kudos-frontend/src/modules/login/FinishForgotPasswordPage.tsx
FN:59,(anonymous_0)
FN:75,(anonymous_1)
FN:84,(anonymous_2)
FN:89,(anonymous_3)
FN:113,(anonymous_4)
FN:119,(anonymous_5)
FN:120,(anonymous_6)
FN:122,(anonymous_7)
FN:127,(anonymous_8)
FNF:9
FNH:9
FNDA:7,(anonymous_0)
FNDA:1,(anonymous_1)
FNDA:1,(anonymous_2)
FNDA:5,(anonymous_3)
FNDA:17,(anonymous_4)
FNDA:1,(anonymous_5)
FNDA:1,(anonymous_6)
FNDA:21,(anonymous_7)
FNDA:5,(anonymous_8)
DA:15,4
DA:16,4
DA:17,4
DA:19,4
DA:60,7
DA:62,7
DA:68,7
DA:70,7
DA:71,7
DA:72,7
DA:76,1
DA:77,1
DA:78,1
DA:80,0
DA:86,1
DA:90,5
DA:92,5
DA:94,5
DA:95,2
DA:96,2
DA:99,3
DA:100,1
DA:101,1
DA:104,2
DA:114,17
DA:115,17
DA:119,1
DA:120,1
DA:123,21
DA:127,5
LF:30
LH:29
BRDA:68,0,0,7
BRDA:68,0,1,0
BRDA:76,1,0,1
BRDA:76,1,1,0
BRDA:94,2,0,2
BRDA:94,2,1,3
BRDA:94,3,0,5
BRDA:94,3,1,4
BRDA:99,4,0,1
BRDA:99,4,1,2
BRDA:162,5,0,21
BRDA:162,5,1,4
BRF:12
BRH:10
end_of_record
TN:
SF:/Users/maxmeijer/repos/kudos-frontend/src/modules/login/ForgotPasswordPage.tsx
FN:39,(anonymous_0)
FN:53,(anonymous_1)
FN:57,(anonymous_2)
FN:62,(anonymous_3)
FN:76,(anonymous_4)
FN:82,(anonymous_5)
FN:84,(anonymous_6)
FN:86,(anonymous_7)
FNF:8
FNH:8
FNDA:6,(anonymous_0)
FNDA:1,(anonymous_1)
FNDA:1,(anonymous_2)
FNDA:3,(anonymous_3)
FNDA:14,(anonymous_4)
FNDA:1,(anonymous_5)
FNDA:18,(anonymous_6)
FNDA:3,(anonymous_7)
DA:12,3
DA:40,6
DA:42,6
DA:48,6
DA:49,6
DA:50,6
DA:54,1
DA:59,1
DA:63,3
DA:64,3
DA:66,3
DA:67,1
DA:68,1
DA:71,2
DA:77,14
DA:82,1
DA:85,18
DA:86,3
LF:18
LH:18
BRDA:66,0,0,1
BRDA:66,0,1,2
BRDA:111,1,0,18
BRDA:111,1,1,2
BRDA:118,2,0,18
BRDA:118,2,1,2
BRF:6
BRH:6
end_of_record
TN:
SF:/Users/maxmeijer/repos/kudos-frontend/src/modules/login/LoginPage.tsx
FN:61,(anonymous_0)
FN:79,(anonymous_1)
FN:84,(anonymous_2)
FN:94,(anonymous_3)
FN:117,(anonymous_4)
FN:121,(anonymous_5)
FN:122,(anonymous_6)
FN:124,(anonymous_7)
FN:132,(anonymous_8)
FNF:9
FNH:9
FNDA:9,(anonymous_0)
FNDA:2,(anonymous_1)
FNDA:1,(anonymous_2)
FNDA:5,(anonymous_3)
FNDA:22,(anonymous_4)
FNDA:1,(anonymous_5)
FNDA:1,(anonymous_6)
FNDA:24,(anonymous_7)
FNDA:5,(anonymous_8)
DA:20,3
DA:62,9
DA:64,9
DA:65,0
DA:68,9
DA:74,9
DA:75,9
DA:76,9
DA:81,2
DA:85,1
DA:86,1
DA:88,1
DA:90,0
DA:95,5
DA:96,5
DA:97,5
DA:98,5
DA:100,5
DA:102,5
DA:103,2
DA:104,2
DA:107,3
DA:108,1
DA:109,1
DA:112,2
DA:118,22
DA:121,1
DA:122,1
DA:126,24
DA:127,4
DA:129,24
DA:132,5
LF:32
LH:30
BRDA:64,0,0,0
BRDA:64,0,1,9
BRDA:85,1,0,1
BRDA:85,1,1,0
BRDA:102,2,0,2
BRDA:102,2,1,3
BRDA:102,3,0,5
BRDA:102,3,1,4
BRDA:107,4,0,1
BRDA:107,4,1,2
BRDA:126,5,0,4
BRDA:126,5,1,20
BRDA:168,6,0,24
BRDA:168,6,1,4
BRF:14
BRH:12
end_of_record
TN:
SF:/Users/maxmeijer/repos/kudos-frontend/src/modules/login/RegisterPage.tsx
FN:63,(anonymous_0)
FN:78,(anonymous_1)
FN:83,(anonymous_2)
FN:90,(anonymous_3)
FN:115,(anonymous_4)
FN:119,(anonymous_5)
FN:120,(anonymous_6)
FN:122,(anonymous_7)
FN:131,(anonymous_8)
FNF:9
FNH:9
FNDA:9,(anonymous_0)
FNDA:3,(anonymous_1)
FNDA:1,(anonymous_2)
FNDA:7,(anonymous_3)
FNDA:26,(anonymous_4)
FNDA:1,(anonymous_5)
FNDA:1,(anonymous_6)
FNDA:28,(anonymous_7)
FNDA:7,(anonymous_8)
DA:21,3
DA:64,9
DA:66,9
DA:73,9
DA:74,9
DA:75,9
DA:80,3
DA:84,1
DA:85,1
DA:86,1
DA:91,7
DA:92,7
DA:93,7
DA:95,7
DA:96,3
DA:97,3
DA:100,4
DA:101,1
DA:102,1
DA:105,3
DA:106,1
DA:107,1
DA:110,2
DA:116,26
DA:119,1
DA:120,1
DA:124,28
DA:125,6
DA:128,28
DA:131,7
LF:30
LH:30
BRDA:84,0,0,1
BRDA:84,0,1,0
BRDA:95,1,0,3
BRDA:95,1,1,4
BRDA:95,2,0,7
BRDA:95,2,1,6
BRDA:95,2,2,5
BRDA:100,3,0,1
BRDA:100,3,1,3
BRDA:105,4,0,1
BRDA:105,4,1,2
BRDA:124,5,0,6
BRDA:124,5,1,22
BRDA:177,6,0,28
BRDA:177,6,1,6
BRF:15
BRH:14
end_of_record
TN:
SF:/Users/maxmeijer/repos/kudos-frontend/src/modules/login/helper.ts
FN:10,(anonymous_0)
FNF:1
FNH:1
FNDA:3,(anonymous_0)
DA:10,4
DA:11,3
DA:12,3
LF:3
LH:3
BRF:0
BRH:0
end_of_record
TN:
SF:/Users/maxmeijer/repos/kudos-frontend/src/modules/login/index.ts
FNF:0
FNH:0
LF:0
LH:0
BRF:0
BRH:0
end_of_record
TN:
SF:/Users/maxmeijer/repos/kudos-frontend/src/modules/manage-team/ManageTeamPage.tsx
FN:24,(anonymous_0)
FN:32,(anonymous_1)
FN:37,(anonymous_2)
FNF:3
FNH:3
FNDA:5,(anonymous_0)
FNDA:5,(anonymous_1)
FNDA:10,(anonymous_2)
DA:25,5
DA:27,5
DA:29,5
DA:33,5
DA:34,5
DA:38,10
DA:39,10
LF:7
LH:7
BRF:0
BRH:0
end_of_record
TN:
SF:/Users/maxmeijer/repos/kudos-frontend/src/modules/manage-team/index.ts
FNF:0
FNH:0
LF:0
LH:0
BRF:0
BRH:0
end_of_record
TN:
SF:/Users/maxmeijer/repos/kudos-frontend/src/modules/manage-team/sections/General.tsx
FN:53,(anonymous_0)
FN:63,(anonymous_1)
FN:68,(anonymous_2)
FN:85,(anonymous_3)
FN:102,(anonymous_4)
FN:111,(anonymous_5)
FN:117,(anonymous_6)
FN:123,(anonymous_7)
FNF:8
FNH:8
FNDA:6,(anonymous_0)
FNDA:1,(anonymous_1)
FNDA:1,(anonymous_2)
FNDA:9,(anonymous_3)
FNDA:15,(anonymous_4)
FNDA:1,(anonymous_5)
FNDA:10,(anonymous_6)
FNDA:1,(anonymous_7)
DA:11,2
DA:19,2
DA:54,6
DA:55,6
DA:59,6
DA:60,6
DA:65,1
DA:69,1
DA:86,9
DA:105,15
DA:106,9
DA:108,8
DA:112,1
DA:113,1
DA:114,1
DA:118,10
DA:123,1
LF:17
LH:17
BRDA:105,0,0,6
BRDA:105,0,1,9
BRDA:106,1,0,1
BRDA:106,1,1,8
BRDA:119,2,0,10
BRDA:119,2,1,0
BRDA:119,3,0,10
BRDA:119,3,1,10
BRF:8
BRH:7
end_of_record
TN:
SF:/Users/maxmeijer/repos/kudos-frontend/src/modules/manage-team/sections/Integrations.tsx
FN:4,IntegrationSections
FNF:1
FNH:0
FNDA:0,IntegrationSections
DA:5,0
LF:1
LH:0
BRF:0
BRH:0
end_of_record
TN:
SF:/Users/maxmeijer/repos/kudos-frontend/src/modules/manage-team/sections/index.ts
FNF:0
FNH:0
LF:0
LH:0
BRF:0
BRH:0
end_of_record
TN:
SF:/Users/maxmeijer/repos/kudos-frontend/src/modules/manage-team/sections/guideline/EditGuideline.tsx
FN:28,(anonymous_0)
FN:49,(anonymous_1)
FN:58,(anonymous_2)
FN:69,(anonymous_3)
FN:74,(anonymous_4)
FN:84,(anonymous_5)
FN:88,(anonymous_6)
FN:101,(anonymous_7)
FN:111,(anonymous_8)
FN:142,(anonymous_9)
FNF:10
FNH:10
FNDA:12,(anonymous_0)
FNDA:3,(anonymous_1)
FNDA:2,(anonymous_2)
FNDA:2,(anonymous_3)
FNDA:1,(anonymous_4)
FNDA:25,(anonymous_5)
FNDA:3,(anonymous_6)
FNDA:29,(anonymous_7)
FNDA:3,(anonymous_8)
FNDA:1,(anonymous_9)
DA:29,12
DA:31,12
DA:41,12
DA:43,12
DA:44,12
DA:45,12
DA:46,12
DA:50,3
DA:59,2
DA:60,2
DA:71,2
DA:75,1
DA:85,25
DA:89,3
DA:90,3
DA:103,29
DA:104,0
DA:106,29
DA:107,0
DA:109,29
DA:111,3
DA:142,1
LF:22
LH:20
BRDA:87,0,0,4
BRDA:87,0,1,21
BRDA:90,1,0,0
BRDA:90,1,1,3
BRDA:103,2,0,0
BRDA:103,2,1,29
BRDA:106,3,0,0
BRDA:106,3,1,29
BRDA:111,4,0,1
BRDA:111,4,1,2
BRDA:122,5,0,6
BRDA:122,5,1,23
BRDA:124,6,0,6
BRDA:124,6,1,23
BRDA:132,7,0,6
BRDA:132,7,1,23
BRDA:134,8,0,6
BRDA:134,8,1,23
BRDA:139,9,0,6
BRDA:139,9,1,23
BRDA:141,10,0,29
BRDA:141,10,1,6
BRDA:146,11,0,29
BRDA:146,11,1,0
BRF:24
BRH:20
end_of_record
TN:
SF:/Users/maxmeijer/repos/kudos-frontend/src/modules/manage-team/sections/guideline/Guideline.tsx
FN:29,Guideline
FN:40,(anonymous_1)
FN:44,(anonymous_2)
FN:56,(anonymous_3)
FN:66,(anonymous_4)
FNF:5
FNH:5
FNDA:12,Guideline
FNDA:1,(anonymous_1)
FNDA:2,(anonymous_2)
FNDA:16,(anonymous_3)
FNDA:2,(anonymous_4)
DA:9,4
DA:30,12
DA:40,1
DA:45,2
DA:57,16
DA:67,2
LF:6
LH:6
BRF:0
BRH:0
end_of_record
TN:
SF:/Users/maxmeijer/repos/kudos-frontend/src/modules/manage-team/sections/guideline/GuidelinesSection.tsx
FN:77,(anonymous_0)
FN:86,(anonymous_1)
FN:99,(anonymous_2)
FN:118,(anonymous_3)
FN:136,(anonymous_4)
FNF:5
FNH:4
FNDA:4,(anonymous_0)
FNDA:0,(anonymous_1)
FNDA:4,(anonymous_2)
FNDA:8,(anonymous_3)
FNDA:6,(anonymous_4)
DA:12,4
DA:22,4
DA:32,4
DA:78,4
DA:80,4
DA:81,4
DA:83,4
DA:87,0
DA:88,0
DA:91,0
DA:93,0
DA:94,0
DA:100,4
DA:119,8
DA:120,4
DA:122,3
DA:123,0
DA:125,3
DA:137,6
LF:19
LH:13
BRDA:87,0,0,0
BRDA:87,0,1,0
BRDA:93,1,0,0
BRDA:93,1,1,0
BRDA:119,2,0,4
BRDA:119,2,1,4
BRDA:120,3,0,1
BRDA:120,3,1,3
BRDA:122,4,0,0
BRDA:122,4,1,3
BRDA:122,5,0,3
BRDA:122,5,1,3
BRF:12
BRH:7
end_of_record
TN:
SF:/Users/maxmeijer/repos/kudos-frontend/src/modules/manage-team/sections/invite/CreateInvite.tsx
FN:41,(anonymous_0)
FN:54,(anonymous_1)
FN:58,(anonymous_2)
FN:81,(anonymous_3)
FN:85,(anonymous_4)
FN:98,(anonymous_5)
FN:130,(anonymous_6)
FNF:7
FNH:7
FNDA:14,(anonymous_0)
FNDA:5,(anonymous_1)
FNDA:6,(anonymous_2)
FNDA:28,(anonymous_3)
FNDA:3,(anonymous_4)
FNDA:31,(anonymous_5)
FNDA:6,(anonymous_6)
DA:13,6
DA:42,14
DA:44,14
DA:48,14
DA:50,14
DA:51,14
DA:55,5
DA:59,6
DA:60,6
DA:61,6
DA:62,1
DA:63,1
DA:66,5
DA:68,5
DA:69,2
DA:70,2
DA:73,3
DA:82,28
DA:86,3
DA:87,3
DA:100,31
DA:101,0
DA:103,31
DA:104,3
DA:106,31
DA:130,6
LF:26
LH:25
BRDA:61,0,0,1
BRDA:61,0,1,5
BRDA:68,1,0,2
BRDA:68,1,1,3
BRDA:100,2,0,0
BRDA:100,2,1,31
BRDA:103,3,0,3
BRDA:103,3,1,28
BRDA:134,4,0,31
BRDA:134,4,1,3
BRF:10
BRH:9
end_of_record
TN:
SF:/Users/maxmeijer/repos/kudos-frontend/src/modules/manage-team/sections/invite/Invite.tsx
FN:31,Invite
FN:51,(anonymous_1)
FN:65,(anonymous_2)
FN:75,(anonymous_3)
FNF:4
FNH:4
FNDA:14,Invite
FNDA:1,(anonymous_1)
FNDA:16,(anonymous_2)
FNDA:1,(anonymous_3)
DA:19,6
DA:32,14
DA:33,14
DA:34,1
DA:35,13
DA:36,7
DA:39,14
DA:52,1
DA:66,16
DA:76,1
LF:10
LH:10
BRDA:33,0,0,1
BRDA:33,0,1,13
BRDA:35,1,0,7
BRDA:35,1,1,6
BRDA:44,2,0,14
BRDA:44,2,1,7
BRDA:45,3,0,14
BRDA:45,3,1,1
BRDA:46,4,0,14
BRDA:46,4,1,13
BRDA:46,4,2,6
BRF:11
BRH:11
end_of_record
TN:
SF:/Users/maxmeijer/repos/kudos-frontend/src/modules/manage-team/sections/invite/InvitesSection.tsx
FN:41,InviteSection
FN:58,(anonymous_1)
FN:75,(anonymous_2)
FNF:3
FNH:3
FNDA:5,InviteSection
FNDA:9,(anonymous_1)
FNDA:6,(anonymous_2)
DA:13,6
DA:42,5
DA:59,9
DA:60,4
DA:61,3
DA:63,3
DA:76,6
LF:7
LH:7
BRDA:59,0,0,5
BRDA:59,0,1,4
BRDA:60,1,0,1
BRDA:60,1,1,3
BRDA:61,2,0,0
BRDA:61,2,1,3
BRDA:61,3,0,3
BRDA:61,3,1,3
BRF:8
BRH:7
end_of_record
TN:
SF:/Users/maxmeijer/repos/kudos-frontend/src/modules/manage-team/sections/kudometer/KudometerQuerries.ts
FNF:0
FNH:0
DA:3,6
DA:15,6
DA:27,6
DA:42,6
DA:58,6
DA:92,6
LF:6
LH:6
BRF:0
BRH:0
end_of_record
TN:
SF:/Users/maxmeijer/repos/kudos-frontend/src/modules/manage-team/sections/kudometer/KudometerRow.tsx
FN:17,KudometerRow
FN:18,deleteKudometer
FN:33,(anonymous_2)
FN:39,(anonymous_3)
FN:53,(anonymous_4)
FN:63,(anonymous_5)
FNF:6
FNH:6
FNDA:22,KudometerRow
FNDA:1,deleteKudometer
FNDA:1,(anonymous_2)
FNDA:1,(anonymous_3)
FNDA:24,(anonymous_4)
FNDA:1,(anonymous_5)
DA:19,1
DA:20,1
DA:22,1
DA:25,22
DA:33,1
DA:40,1
DA:54,24
DA:63,1
LF:8
LH:8
BRF:0
BRH:0
end_of_record
TN:
SF:/Users/maxmeijer/repos/kudos-frontend/src/modules/manage-team/sections/kudometer/KudometerSection.tsx
FN:33,(anonymous_0)
FN:50,(anonymous_1)
FN:55,(anonymous_2)
FN:66,(anonymous_3)
FN:76,(anonymous_4)
FN:84,(anonymous_5)
FN:97,(anonymous_6)
FN:110,(anonymous_7)
FN:119,(anonymous_8)
FN:148,(anonymous_9)
FN:165,(anonymous_10)
FNF:11
FNH:10
FNDA:11,(anonymous_0)
FNDA:1,(anonymous_1)
FNDA:2,(anonymous_2)
FNDA:1,(anonymous_3)
FNDA:0,(anonymous_4)
FNDA:18,(anonymous_5)
FNDA:1,(anonymous_6)
FNDA:19,(anonymous_7)
FNDA:1,(anonymous_8)
FNDA:28,(anonymous_9)
FNDA:18,(anonymous_10)
DA:34,11
DA:36,11
DA:42,11
DA:44,11
DA:45,11
DA:46,11
DA:47,11
DA:52,1
DA:56,2
DA:57,1
DA:58,1
DA:61,1
DA:67,1
DA:68,1
DA:77,0
DA:78,0
DA:85,18
DA:98,1
DA:99,1
DA:112,19
DA:113,0
DA:115,19
DA:116,0
DA:118,19
DA:119,1
DA:149,28
DA:150,11
DA:152,10
DA:166,18
LF:29
LH:25
BRDA:56,0,0,1
BRDA:56,0,1,1
BRDA:77,1,0,0
BRDA:77,1,1,0
BRDA:77,2,0,0
BRDA:77,2,1,0
BRDA:112,3,0,0
BRDA:112,3,1,19
BRDA:115,4,0,0
BRDA:115,4,1,19
BRDA:133,5,0,19
BRDA:133,5,1,0
BRDA:149,6,0,17
BRDA:149,6,1,11
BRDA:150,7,0,1
BRDA:150,7,1,10
BRDA:163,8,0,9
BRDA:163,8,1,1
BRDA:163,9,0,10
BRDA:163,9,1,10
BRDA:163,9,2,10
BRDA:177,10,0,10
BRDA:177,10,1,1
BRF:23
BRH:16
end_of_record
TN:
SF:/Users/maxmeijer/repos/kudos-frontend/src/modules/manage-team/sections/kudometer/goals/EditGoal.tsx
FN:27,(anonymous_0)
FN:47,(anonymous_1)
FN:56,(anonymous_2)
FN:66,(anonymous_3)
FN:76,(anonymous_4)
FN:84,(anonymous_5)
FN:89,(anonymous_6)
FN:93,(anonymous_7)
FN:112,(anonymous_8)
FN:123,(anonymous_9)
FN:154,(anonymous_10)
FNF:11
FNH:11
FNDA:12,(anonymous_0)
FNDA:1,(anonymous_1)
FNDA:2,(anonymous_2)
FNDA:1,(anonymous_3)
FNDA:1,(anonymous_4)
FNDA:1,(anonymous_5)
FNDA:23,(anonymous_6)
FNDA:2,(anonymous_7)
FNDA:29,(anonymous_8)
FNDA:3,(anonymous_9)
FNDA:1,(anonymous_10)
DA:28,12
DA:30,12
DA:40,12
DA:41,12
DA:42,12
DA:43,12
DA:44,12
DA:48,1
DA:57,2
DA:67,1
DA:77,1
DA:79,1
DA:86,1
DA:90,23
DA:94,2
DA:97,2
DA:114,29
DA:115,2
DA:117,29
DA:118,1
DA:121,29
DA:123,3
DA:154,1
LF:23
LH:23
BRDA:92,0,0,5
BRDA:92,0,1,18
BRDA:95,1,0,1
BRDA:95,1,1,1
BRDA:114,2,0,2
BRDA:114,2,1,27
BRDA:117,3,0,1
BRDA:117,3,1,28
BRDA:123,4,0,1
BRDA:123,4,1,2
BRDA:133,5,0,7
BRDA:133,5,1,22
BRDA:135,6,0,7
BRDA:135,6,1,22
BRDA:142,7,0,7
BRDA:142,7,1,22
BRDA:146,8,0,7
BRDA:146,8,1,22
BRDA:151,9,0,7
BRDA:151,9,1,22
BRDA:153,10,0,29
BRDA:153,10,1,7
BRDA:158,11,0,29
BRDA:158,11,1,2
BRF:24
BRH:24
end_of_record
TN:
SF:/Users/maxmeijer/repos/kudos-frontend/src/modules/manage-team/sections/kudometer/goals/GoalRow.tsx
FN:16,GoalRow
FN:27,(anonymous_1)
FN:35,(anonymous_2)
FN:47,(anonymous_3)
FN:57,(anonymous_4)
FNF:5
FNH:5
FNDA:13,GoalRow
FNDA:1,(anonymous_1)
FNDA:1,(anonymous_2)
FNDA:15,(anonymous_3)
FNDA:1,(anonymous_4)
DA:17,13
DA:27,1
DA:36,1
DA:48,15
DA:58,1
LF:5
LH:5
BRF:0
BRH:0
end_of_record
TN:
SF:/Users/maxmeijer/repos/kudos-frontend/src/modules/manage-team/sections/kudometer/goals/Goals.tsx
FN:21,(anonymous_0)
FN:28,(anonymous_1)
FN:34,(anonymous_2)
FN:51,(anonymous_3)
FNF:4
FNH:3
FNDA:4,(anonymous_0)
FNDA:0,(anonymous_1)
FNDA:4,(anonymous_2)
FNDA:9,(anonymous_3)
DA:22,4
DA:24,4
DA:25,4
DA:29,0
DA:30,0
DA:35,4
DA:52,9
LF:7
LH:5
BRDA:29,0,0,0
BRDA:29,0,1,0
BRF:2
BRH:0
end_of_record
TN:
SF:/Users/maxmeijer/repos/kudos-frontend/src/modules/manage-team/sections/member/AlterRoleButton.tsx
FN:19,AlterRoleButton
FN:20,isDisabled
FN:28,variables
FN:47,(anonymous_3)
FN:52,(anonymous_4)
FN:59,(anonymous_5)
FNF:6
FNH:6
FNDA:21,AlterRoleButton
FNDA:23,isDisabled
FNDA:1,variables
FNDA:1,(anonymous_3)
FNDA:23,(anonymous_4)
FNDA:1,(anonymous_5)
DA:21,23
DA:22,13
DA:25,10
DA:29,1
DA:30,1
DA:37,0
DA:44,21
DA:48,1
DA:49,1
DA:53,23
DA:59,1
LF:11
LH:10
BRDA:21,0,0,13
BRDA:21,0,1,10
BRDA:29,1,0,1
BRDA:29,1,1,0
BRDA:31,2,0,1
BRDA:31,2,1,0
BRDA:38,3,0,0
BRDA:38,3,1,0
BRDA:54,4,0,13
BRDA:54,4,1,10
BRDA:56,5,0,13
BRDA:56,5,1,10
BRF:12
BRH:8
end_of_record
TN:
SF:/Users/maxmeijer/repos/kudos-frontend/src/modules/manage-team/sections/member/MemberRow.tsx
FN:15,MemberRow
FN:38,(anonymous_1)
FN:42,(anonymous_2)
FN:49,(anonymous_3)
FNF:4
FNH:4
FNDA:12,MemberRow
FNDA:1,(anonymous_1)
FNDA:10,(anonymous_2)
FNDA:1,(anonymous_3)
DA:16,12
DA:18,12
DA:39,1
DA:43,10
DA:50,1
DA:53,1
LF:6
LH:6
BRDA:16,0,0,12
BRDA:16,0,1,0
BRDA:24,1,0,12
BRDA:24,1,1,8
BRF:4
BRH:3
end_of_record
TN:
SF:/Users/maxmeijer/repos/kudos-frontend/src/modules/manage-team/sections/member/Members.tsx
FN:82,(anonymous_0)
FN:88,(anonymous_1)
FN:103,(anonymous_2)
FN:129,(anonymous_3)
FNF:4
FNH:4
FNDA:4,(anonymous_0)
FNDA:4,(anonymous_1)
FNDA:8,(anonymous_2)
FNDA:6,(anonymous_3)
DA:9,4
DA:25,4
DA:33,4
DA:83,4
DA:85,4
DA:89,4
DA:104,8
DA:105,4
DA:107,3
DA:130,6
LF:10
LH:10
BRDA:85,0,0,4
BRDA:85,0,1,0
BRDA:104,1,0,4
BRDA:104,1,1,4
BRDA:105,2,0,1
BRDA:105,2,1,3
BRDA:129,3,0,3
BRDA:129,3,1,0
BRDA:129,4,0,3
BRDA:129,4,1,3
BRDA:129,4,2,3
BRF:11
BRH:9
end_of_record
TN:
SF:/Users/maxmeijer/repos/kudos-frontend/src/modules/notifications/NotificationsPage.tsx
FN:11,NotificationsPage
FNF:1
FNH:0
FNDA:0,NotificationsPage
DA:12,0
LF:1
LH:0
BRF:0
BRH:0
end_of_record
TN:
SF:/Users/maxmeijer/repos/kudos-frontend/src/modules/notifications/index.ts
FNF:0
FNH:0
LF:0
LH:0
BRF:0
BRH:0
end_of_record
TN:
SF:/Users/maxmeijer/repos/kudos-frontend/src/modules/settings/InvitePage.tsx
FN:7,InvitePage
FNF:1
FNH:1
FNDA:1,InvitePage
DA:8,1
LF:1
LH:1
BRF:0
BRH:0
end_of_record
TN:
SF:/Users/maxmeijer/repos/kudos-frontend/src/modules/settings/SettingsPage.tsx
FN:18,SettingsPage
FNF:1
FNH:1
FNDA:2,SettingsPage
DA:19,2
LF:1
LH:1
BRDA:24,0,0,2
BRDA:24,0,1,1
BRF:2
BRH:2
end_of_record
TN:
SF:/Users/maxmeijer/repos/kudos-frontend/src/modules/settings/index.ts
FNF:0
FNH:0
LF:0
LH:0
BRF:0
BRH:0
end_of_record
TN:
SF:/Users/maxmeijer/repos/kudos-frontend/src/modules/statistics/Statistics.tsx
FN:43,(anonymous_0)
FN:63,(anonymous_1)
FN:73,(anonymous_2)
FN:75,(anonymous_3)
FN:92,(anonymous_4)
FN:93,(anonymous_5)
FNF:6
FNH:6
FNDA:16,(anonymous_0)
FNDA:32,(anonymous_1)
FNDA:11,(anonymous_2)
FNDA:22,(anonymous_3)
FNDA:11,(anonymous_4)
FNDA:22,(anonymous_5)
DA:11,4
DA:43,4
DA:44,16
DA:64,32
DA:65,21
DA:72,11
DA:73,11
DA:75,22
DA:77,11
DA:78,11
DA:79,11
DA:92,11
DA:94,22
LF:13
LH:13
BRDA:64,0,0,21
BRDA:64,0,1,11
BRDA:64,1,0,32
BRDA:64,1,1,16
BRDA:64,1,2,11
BRDA:86,2,0,11
BRDA:86,2,1,0
BRDA:87,3,0,11
BRDA:87,3,1,0
BRDA:102,4,0,11
BRDA:102,4,1,11
BRDA:105,5,0,11
BRDA:105,5,1,11
BRDA:109,6,0,11
BRDA:109,6,1,11
BRDA:127,7,0,11
BRDA:127,7,1,11
BRDA:133,8,0,22
BRDA:133,8,1,11
BRDA:148,9,0,22
BRDA:148,9,1,11
BRDA:177,10,0,22
BRDA:177,10,1,11
BRDA:179,11,0,22
BRDA:179,11,1,11
BRDA:186,12,0,22
BRDA:186,12,1,11
BRF:27
BRH:25
end_of_record
TN:
SF:/Users/maxmeijer/repos/kudos-frontend/src/modules/statistics/StatisticsPage.tsx
FN:16,StatisticsPage
FNF:1
FNH:0
FNDA:0,StatisticsPage
DA:17,0
LF:1
LH:0
BRF:0
BRH:0
end_of_record
TN:
SF:/Users/maxmeijer/repos/kudos-frontend/src/modules/statistics/index.ts
FNF:0
FNH:0
LF:0
LH:0
BRF:0
BRH:0
end_of_record
TN:
SF:/Users/maxmeijer/repos/kudos-frontend/src/modules/user/ResetPasswordPage.tsx
FN:67,(anonymous_0)
FN:91,(anonymous_1)
FN:130,(anonymous_2)
FN:146,(anonymous_3)
FN:155,(anonymous_4)
FN:163,(anonymous_5)
FN:169,(anonymous_6)
FN:224,(anonymous_7)
FNF:8
FNH:8
FNDA:7,(anonymous_0)
FNDA:6,(anonymous_1)
FNDA:6,(anonymous_2)
FNDA:12,(anonymous_3)
FNDA:20,(anonymous_4)
FNDA:1,(anonymous_5)
FNDA:21,(anonymous_6)
FNDA:6,(anonymous_7)
DA:21,1
DA:68,7
DA:70,7
DA:77,7
DA:84,7
DA:86,7
DA:87,7
DA:88,7
DA:92,6
DA:94,6
DA:96,6
DA:97,1
DA:98,1
DA:100,5
DA:101,1
DA:102,1
DA:104,4
DA:105,1
DA:109,1
DA:111,3
DA:112,1
DA:117,1
DA:119,2
DA:120,1
DA:125,1
DA:127,1
DA:131,6
DA:133,6
DA:134,5
DA:137,1
DA:148,12
DA:150,12
DA:151,0
DA:156,20
DA:164,1
DA:165,1
DA:166,1
DA:171,21
DA:172,0
DA:174,21
DA:175,5
DA:177,21
DA:224,6
LF:43
LH:41
BRDA:96,0,0,1
BRDA:96,0,1,5
BRDA:100,1,0,1
BRDA:100,1,1,4
BRDA:104,2,0,1
BRDA:104,2,1,3
BRDA:111,3,0,1
BRDA:111,3,1,2
BRDA:119,4,0,1
BRDA:119,4,1,1
BRDA:133,5,0,5
BRDA:133,5,1,1
BRDA:150,6,0,0
BRDA:150,6,1,12
BRDA:150,7,0,12
BRDA:150,7,1,12
BRDA:171,8,0,0
BRDA:171,8,1,21
BRDA:174,9,0,5
BRDA:174,9,1,16
BRDA:228,10,0,21
BRDA:228,10,1,5
BRF:22
BRH:20
end_of_record
TN:
SF:/Users/maxmeijer/repos/kudos-frontend/src/modules/user/UserPage.tsx
FN:37,UserPage
FN:43,(anonymous_1)
FN:67,(anonymous_2)
FN:71,(anonymous_3)
FNF:4
FNH:3
FNDA:8,UserPage
FNDA:16,(anonymous_1)
FNDA:1,(anonymous_2)
FNDA:0,(anonymous_3)
DA:13,2
DA:38,8
DA:44,16
DA:67,1
DA:71,0
LF:5
LH:4
BRDA:45,0,0,8
BRDA:45,0,1,8
BRDA:45,1,0,16
BRDA:45,1,1,8
BRDA:47,2,0,8
BRDA:47,2,1,8
BRDA:47,3,0,16
BRDA:47,3,1,8
BRF:8
BRH:8
end_of_record
TN:
SF:/Users/maxmeijer/repos/kudos-frontend/src/modules/user/index.ts
FNF:0
FNH:0
LF:0
LH:0
BRF:0
BRH:0
end_of_record
TN:
SF:/Users/maxmeijer/repos/kudos-frontend/src/support/auth.ts
FN:6,(anonymous_0)
FN:8,(anonymous_1)
FN:10,(anonymous_2)
FN:12,(anonymous_3)
FNF:4
FNH:2
FNDA:9,(anonymous_0)
FNDA:0,(anonymous_1)
FNDA:15,(anonymous_2)
FNDA:0,(anonymous_3)
DA:6,30
DA:8,30
DA:10,30
DA:12,30
DA:13,0
DA:14,0
DA:16,0
LF:7
LH:4
BRF:0
BRH:0
end_of_record
TN:
SF:/Users/maxmeijer/repos/kudos-frontend/src/support/calculateProgress.ts
FN:3,(anonymous_0)
FN:4,(anonymous_1)
FN:8,(anonymous_2)
FN:9,(anonymous_3)
FNF:4
FNH:4
FNDA:27,(anonymous_0)
FNDA:22,(anonymous_1)
FNDA:49,(anonymous_2)
FNDA:49,(anonymous_3)
DA:3,30
DA:4,27
DA:7,27
DA:8,49
DA:9,49
DA:11,0
DA:12,0
DA:15,27
DA:16,27
DA:17,27
DA:18,27
DA:19,22
DA:20,22
DA:22,22
DA:24,5
DA:26,27
DA:27,27
DA:30,27
LF:18
LH:16
BRDA:3,0,0,16
BRDA:7,1,0,27
BRDA:7,1,1,0
BRDA:17,2,0,27
BRDA:17,2,1,0
BRDA:18,3,0,22
BRDA:18,3,1,5
BRDA:26,4,0,0
BRDA:26,4,1,27
BRDA:27,5,0,0
BRDA:27,5,1,27
BRF:11
BRH:7
end_of_record
TN:
SF:/Users/maxmeijer/repos/kudos-frontend/src/support/color.ts
FN:5,(anonymous_0)
FNF:1
FNH:1
FNDA:26,(anonymous_0)
DA:1,30
DA:3,30
DA:5,30
DA:6,26
DA:7,26
DA:8,26
DA:9,26
LF:7
LH:7
BRDA:7,0,0,0
BRDA:7,0,1,26
BRDA:8,1,0,0
BRDA:8,1,1,26
BRF:4
BRH:2
end_of_record
TN:
SF:/Users/maxmeijer/repos/kudos-frontend/src/support/errors.ts
FNF:0
FNH:0
DA:3,30
DA:5,30
DA:6,30
DA:7,30
DA:9,30
DA:11,30
DA:12,30
DA:13,30
DA:15,30
DA:17,30
DA:18,30
DA:19,30
DA:20,30
DA:21,30
DA:22,30
LF:15
LH:15
BRF:0
BRH:0
end_of_record
TN:
SF:/Users/maxmeijer/repos/kudos-frontend/src/support/getGraphqlError.ts
FN:1,(anonymous_0)
FNF:1
FNH:1
FNDA:5,(anonymous_0)
DA:1,30
DA:2,5
LF:2
LH:2
BRDA:2,0,0,0
BRDA:2,0,1,5
BRF:2
BRH:1
end_of_record
TN:
SF:/Users/maxmeijer/repos/kudos-frontend/src/support/history.ts
FNF:0
FNH:0
DA:4,30
LF:1
LH:1
BRF:0
BRH:0
end_of_record
TN:
SF:/Users/maxmeijer/repos/kudos-frontend/src/support/index.ts
FNF:0
FNH:0
LF:0
LH:0
BRF:0
BRH:0
end_of_record
TN:
SF:/Users/maxmeijer/repos/kudos-frontend/src/support/validators.ts
FN:4,validateEmail
FN:10,getMultipleEmails
FN:14,isAdmin
FN:18,isModerator
FNF:4
FNH:3
FNDA:10,validateEmail
FNDA:5,getMultipleEmails
FNDA:234,isAdmin
FNDA:0,isModerator
DA:6,10
DA:7,10
DA:11,5
DA:15,234
DA:19,0
LF:5
LH:4
BRF:0
BRH:0
end_of_record
